<?xml version="1.0" encoding="UTF-8"?>
<testng-results skipped="1" failed="0" total="1" passed="0">
  <reporter-output>
  </reporter-output>
  <suite name="Default suite" duration-ms="69" started-at="2015-10-30T18:23:35Z" finished-at="2015-10-30T18:23:35Z">
    <groups>
    </groups>
    <test name="Default test" duration-ms="69" started-at="2015-10-30T18:23:35Z" finished-at="2015-10-30T18:23:35Z">
      <class name="com.kaplan.med.Step1HyOnlinePrepTimeVerification">
        <test-method status="FAIL" signature="beforeMethod()[pri:0, instance:com.kaplan.med.Step1HyOnlinePrepTimeVerification@7907ec20]" name="beforeMethod" is-config="true" duration-ms="0" started-at="2015-10-30T14:23:35Z" finished-at="2015-10-30T14:23:35Z">
          <exception class="java.lang.NoClassDefFoundError">
            <message>
              <![CDATA[com/google/common/base/Function]]>
            </message>
            <full-stacktrace>
              <![CDATA[java.lang.NoClassDefFoundError: com/google/common/base/Function
	at com.kaplan.med.Step1HyOnlinePrepTimeVerification.beforeMethod(Step1HyOnlinePrepTimeVerification.java:332)
	at sun.reflect.NativeMethodAccessorImpl.invoke0(Native Method)
	at sun.reflect.NativeMethodAccessorImpl.invoke(Unknown Source)
	at sun.reflect.DelegatingMethodAccessorImpl.invoke(Unknown Source)
	at java.lang.reflect.Method.invoke(Unknown Source)
	at org.testng.internal.MethodInvocationHelper.invokeMethod(MethodInvocationHelper.java:84)
	at org.testng.internal.Invoker.invokeConfigurationMethod(Invoker.java:564)
	at org.testng.internal.Invoker.invokeConfigurations(Invoker.java:213)
	at org.testng.internal.Invoker.invokeMethod(Invoker.java:653)
	at org.testng.internal.Invoker.invokeTestMethod(Invoker.java:901)
	at org.testng.internal.Invoker.invokeTestMethods(Invoker.java:1231)
	at org.testng.internal.TestMethodWorker.invokeTestMethods(TestMethodWorker.java:127)
	at org.testng.internal.TestMethodWorker.run(TestMethodWorker.java:111)
	at org.testng.TestRunner.privateRun(TestRunner.java:767)
	at org.testng.TestRunner.run(TestRunner.java:617)
	at org.testng.SuiteRunner.runTest(SuiteRunner.java:334)
	at org.testng.SuiteRunner.runSequentially(SuiteRunner.java:329)
	at org.testng.SuiteRunner.privateRun(SuiteRunner.java:291)
	at org.testng.SuiteRunner.run(SuiteRunner.java:240)
	at org.testng.SuiteRunnerWorker.runSuite(SuiteRunnerWorker.java:52)
	at org.testng.SuiteRunnerWorker.run(SuiteRunnerWorker.java:86)
	at org.testng.TestNG.runSuitesSequentially(TestNG.java:1224)
	at org.testng.TestNG.runSuitesLocally(TestNG.java:1149)
	at org.testng.TestNG.run(TestNG.java:1057)
	at org.testng.remote.RemoteTestNG.run(RemoteTestNG.java:111)
	at org.testng.remote.RemoteTestNG.initAndRun(RemoteTestNG.java:204)
	at org.testng.remote.RemoteTestNG.main(RemoteTestNG.java:175)
Caused by: java.lang.ClassNotFoundException: com.google.common.base.Function
	at java.net.URLClassLoader$1.run(Unknown Source)
	at java.net.URLClassLoader$1.run(Unknown Source)
	at java.security.AccessController.doPrivileged(Native Method)
	at java.net.URLClassLoader.findClass(Unknown Source)
	at java.lang.ClassLoader.loadClass(Unknown Source)
	at sun.misc.Launcher$AppClassLoader.loadClass(Unknown Source)
	at java.lang.ClassLoader.loadClass(Unknown Source)
	... 27 more
]]>
            </full-stacktrace>
          </exception> <!-- java.lang.NoClassDefFoundError -->
          <reporter-output>
          </reporter-output>
        </test-method> <!-- beforeMethod -->
        <test-method status="SKIP" signature="readdata()[pri:0, instance:com.kaplan.med.Step1HyOnlinePrepTimeVerification@7907ec20]" name="readdata" duration-ms="2" started-at="2015-10-30T14:23:35Z" finished-at="2015-10-30T14:23:35Z">
          <reporter-output>
          </reporter-output>
        </test-method> <!-- readdata -->
        <test-method status="SKIP" signature="afterMethod()[pri:0, instance:com.kaplan.med.Step1HyOnlinePrepTimeVerification@7907ec20]" name="afterMethod" is-config="true" duration-ms="0" started-at="2015-10-30T14:23:35Z" finished-at="2015-10-30T14:23:35Z">
          <reporter-output>
          </reporter-output>
        </test-method> <!-- afterMethod -->
      </class> <!-- com.kaplan.med.Step1HyOnlinePrepTimeVerification -->
    </test> <!-- Default test -->
  </suite> <!-- Default suite -->
</testng-results>
