<?xml version="1.0" encoding="UTF-8"?>
<!-- Generated by org.testng.reporters.JUnitReportReporter -->
<testsuite hostname="395-CNU40791QP" name="health.med.MedTest" tests="53" failures="7" timestamp="15 Jun 2015 20:00:46 GMT" time="8.507" errors="5">
  <testcase name="myTest" time="0.175" classname="health.med.MedTest">
    <failure type="org.xml.sax.SAXParseException" message="Open quote is expected for attribute &quot;width&quot; associated with an  element type  &quot;hr&quot;.">
      <![CDATA[org.xml.sax.SAXParseException; lineNumber: 28; columnNumber: 65; Open quote is expected for attribute "width" associated with an  element type  "hr".
	at org.apache.xerces.parsers.DOMParser.parse(Unknown Source)
	at org.apache.xerces.jaxp.DocumentBuilderImpl.parse(Unknown Source)
	at javax.xml.parsers.DocumentBuilder.parse(Unknown Source)
	at javax.xml.parsers.DocumentBuilder$parse.call(Unknown Source)
	at com.jayway.restassured.assertion.BodyMatcher.validate(BodyMatcher.groovy:67)
	at com.jayway.restassured.assertion.BodyMatcher$validate$0.call(Unknown Source)
	at com.jayway.restassured.assertion.BodyMatcherGroup$_validate_closure2.doCall(BodyMatcherGroup.groovy:47)
	at sun.reflect.GeneratedMethodAccessor64.invoke(Unknown Source)
	at sun.reflect.DelegatingMethodAccessorImpl.invoke(Unknown Source)
	at java.lang.reflect.Method.invoke(Unknown Source)
	at org.codehaus.groovy.reflection.CachedMethod.invoke(CachedMethod.java:90)
	at groovy.lang.MetaMethod.doMethodInvoke(MetaMethod.java:324)
	at org.codehaus.groovy.runtime.metaclass.ClosureMetaClass.invokeMethod(ClosureMetaClass.java:278)
	at groovy.lang.MetaClassImpl.invokeMethod(MetaClassImpl.java:1016)
	at groovy.lang.Closure.call(Closure.java:423)
	at groovy.lang.Closure.call(Closure.java:439)
	at org.codehaus.groovy.runtime.DefaultGroovyMethods.collect(DefaultGroovyMethods.java:2348)
	at org.codehaus.groovy.runtime.DefaultGroovyMethods.collect(DefaultGroovyMethods.java:2318)
	at org.codehaus.groovy.runtime.dgm$63.invoke(Unknown Source)
	at org.codehaus.groovy.runtime.callsite.PojoMetaMethodSite$PojoMetaMethodSiteNoUnwrapNoCoerce.invoke(PojoMetaMethodSite.java:271)
	at org.codehaus.groovy.runtime.callsite.PojoMetaMethodSite.call(PojoMetaMethodSite.java:53)
	at org.codehaus.groovy.runtime.callsite.AbstractCallSite.call(AbstractCallSite.java:116)
	at com.jayway.restassured.assertion.BodyMatcherGroup.validate(BodyMatcherGroup.groovy:47)
	at com.jayway.restassured.assertion.BodyMatcherGroup$validate$3.call(Unknown Source)
	at com.jayway.restassured.internal.ResponseSpecificationImpl$HamcrestAssertionClosure.validate(ResponseSpecificationImpl.groovy:560)
	at com.jayway.restassured.internal.ResponseSpecificationImpl$HamcrestAssertionClosure$validate$1.call(Unknown Source)
	at com.jayway.restassured.internal.ResponseSpecificationImpl.validateResponseIfRequired(ResponseSpecificationImpl.groovy:731)
	at com.jayway.restassured.internal.ResponseSpecificationImpl.this$2$validateResponseIfRequired(ResponseSpecificationImpl.groovy)
	at com.jayway.restassured.internal.ResponseSpecificationImpl$this$2$validateResponseIfRequired$1.callCurrent(Unknown Source)
	at com.jayway.restassured.internal.ResponseSpecificationImpl.content(ResponseSpecificationImpl.groovy:91)
	at com.jayway.restassured.specification.ResponseSpecification$content$0.callCurrent(Unknown Source)
	at com.jayway.restassured.internal.ResponseSpecificationImpl.body(ResponseSpecificationImpl.groovy:206)
	at com.jayway.restassured.internal.ValidatableResponseOptionsImpl.body(ValidatableResponseOptionsImpl.java:251)
	at health.med.MedTest.myTest(MedTest.java:64)
	at sun.reflect.NativeMethodAccessorImpl.invoke0(Native Method)
	at sun.reflect.NativeMethodAccessorImpl.invoke(Unknown Source)
	at sun.reflect.DelegatingMethodAccessorImpl.invoke(Unknown Source)
	at java.lang.reflect.Method.invoke(Unknown Source)
	at org.testng.internal.MethodInvocationHelper.invokeMethod(MethodInvocationHelper.java:84)
	at org.testng.internal.Invoker.invokeMethod(Invoker.java:714)
	at org.testng.internal.Invoker.invokeTestMethod(Invoker.java:901)
	at org.testng.internal.Invoker.invokeTestMethods(Invoker.java:1231)
	at org.testng.internal.TestMethodWorker.invokeTestMethods(TestMethodWorker.java:127)
	at org.testng.internal.TestMethodWorker.run(TestMethodWorker.java:111)
	at org.testng.TestRunner.privateRun(TestRunner.java:767)
	at org.testng.TestRunner.run(TestRunner.java:617)
	at org.testng.SuiteRunner.runTest(SuiteRunner.java:334)
	at org.testng.SuiteRunner.runSequentially(SuiteRunner.java:329)
	at org.testng.SuiteRunner.privateRun(SuiteRunner.java:291)
	at org.testng.SuiteRunner.run(SuiteRunner.java:240)
	at org.testng.SuiteRunnerWorker.runSuite(SuiteRunnerWorker.java:52)
	at org.testng.SuiteRunnerWorker.run(SuiteRunnerWorker.java:86)
	at org.testng.TestNG.runSuitesSequentially(TestNG.java:1224)
	at org.testng.TestNG.runSuitesLocally(TestNG.java:1149)
	at org.testng.TestNG.run(TestNG.java:1057)
	at org.testng.remote.RemoteTestNG.run(RemoteTestNG.java:111)
	at org.testng.remote.RemoteTestNG.initAndRun(RemoteTestNG.java:204)
	at org.testng.remote.RemoteTestNG.main(RemoteTestNG.java:175)
]]>
    </failure>
  </testcase> <!-- myTest -->
  <testcase name="myTest" time="0.175" classname="health.med.MedTest"/>
  <testcase name="myTest" time="0.217" classname="health.med.MedTest"/>
  <testcase name="myTest" time="0.187" classname="health.med.MedTest"/>
  <testcase name="myTest" time="0.177" classname="health.med.MedTest"/>
  <testcase name="myTest" time="0.002" classname="health.med.MedTest"/>
  <testcase name="myTest" time="0.001" classname="health.med.MedTest"/>
  <testcase name="myTest" time="0.169" classname="health.med.MedTest"/>
  <testcase name="myTest" time="0.218" classname="health.med.MedTest">
    <error type="java.lang.AssertionError" message="Response body doesn&#039;t match expectation.
Expected: a string containing &quot;05/26/15&quot;
  Actual: &lt;question contentItemName=&quot;OL1137m2&quot; contentItemId=&quot;279121&quot; version=&quot;1&quot; mediaPrefix=&quot;/content/media/21/279121.1.&quot;&gt;&lt;categoryRefs&gt;&lt;catRef-USMLESTEP1-discipline categoryName=&quot;pathology&quot; /&gt;&lt;catRef-USMLESTEP1-organsystem categoryName=&quot;multisystem&quot; /&gt;&lt;catRef-USMLESTEP1-topic categoryName=&quot;GeneticDisorders.AutosomalRecessiveDisorders&quot; /&gt;&lt;catRef-USMLESTEP1-task categoryName=&quot;clinical&quot; /&gt;&lt;catRef-MultMediaQuestion categoryName=&quot;no&quot; /&gt;&lt;catRef-EOC categoryName=&quot;true&quot; /&gt;&lt;catRef-MED-Highyield categoryName=&quot;yes&quot; /&gt;&lt;catRef-MED-difficulty categoryName=&quot;average&quot; /&gt;&lt;/categoryRefs&gt;&lt;stimulus&gt;&lt;para&gt;A 10-year-old boy is brought to the physician because of diarrhea; a
red, scaly rash; and mild unsteady gait. His mother says that his diet is
not deficient in protein or any other caloric foods or nutrients. She says
that his sister has a similar condition. Urinalysis shows large amounts of
free amino acids.&lt;span name=&quot;questionStem&quot;&gt; Which of the following is the
most likely underlying condition? &lt;/span&gt;&lt;/para&gt;&lt;/stimulus&gt;&lt;answer-choice-set&gt;&lt;answer-choice&gt; Alkaptonuria&lt;/answer-choice&gt;&lt;answer-choice&gt; Carcinoid tumor&lt;/answer-choice&gt;&lt;answer-choice&gt; Cystinuria&lt;/answer-choice&gt;&lt;answer-choice correct=&quot;yes&quot;&gt; Hartnup disease&lt;/answer-choice&gt;&lt;answer-choice&gt; Homocystinuria&lt;/answer-choice&gt;&lt;/answer-choice-set&gt;&lt;explanation&gt;&lt;para&gt;&lt;emphasis emphasis-type=&quot;bold&quot;&gt;The correct answer is D.&lt;/emphasis&gt; This
child has &lt;emphasis emphasis-type=&quot;italic&quot;&gt;&lt;emphasis emphasis-type=&quot;bold&quot;&gt;Hartnup
disease&lt;/emphasis&gt;&lt;/emphasis&gt;, an &lt;emphasis emphasis-type=&quot;italic&quot;&gt;&lt;emphasis emphasis-type=&quot;bold&quot;&gt;autosomal recessive condition&lt;/emphasis&gt;&lt;/emphasis&gt; resulting
from &lt;emphasis emphasis-type=&quot;italic&quot;&gt;&lt;emphasis emphasis-type=&quot;bold&quot;&gt;defective
amino acid transporters&lt;/emphasis&gt;&lt;/emphasis&gt; in &lt;emphasis emphasis-type=&quot;bold&quot;&gt;&lt;emphasis emphasis-type=&quot;italic&quot;&gt;intestinal and renal epithelial cells&lt;/emphasis&gt;&lt;/emphasis&gt;.
Despite normal dietary intake, these patients present with poor absorption
of dietary amino acids  and excess amino acid secretion in urine. &lt;/para&gt;&lt;para&gt;Specifically, in Hartnup disease, there is &lt;emphasis emphasis-type=&quot;italic&quot;&gt;&lt;emphasis emphasis-type=&quot;bold&quot;&gt;impaired transport of neutral amino acids&lt;/emphasis&gt;&lt;/emphasis&gt;,
including &lt;emphasis emphasis-type=&quot;italic&quot;&gt;&lt;emphasis emphasis-type=&quot;bold&quot;&gt;tryptophan&lt;/emphasis&gt;&lt;/emphasis&gt;,
which is the &lt;emphasis emphasis-type=&quot;italic&quot;&gt;&lt;emphasis emphasis-type=&quot;bold&quot;&gt;precursor
for niacin (requires B6 cofactor)&lt;/emphasis&gt;&lt;/emphasis&gt;. This condition &lt;emphasis emphasis-type=&quot;italic&quot;&gt;&lt;emphasis emphasis-type=&quot;bold&quot;&gt;clinically resembles
pellagra (&quot;diarrhea, dementia, and dermatitis&quot;)&lt;/emphasis&gt;&lt;/emphasis&gt; and
may be misdiagnosed as this nutritional (niacin) deficiency. Niacin supplementation
may be helpful in controlling the symptoms. &lt;/para&gt;&lt;para&gt;Alkaptonuria &lt;emphasis emphasis-type=&quot;bold&quot;&gt;(choice A)&lt;/emphasis&gt; is
an &lt;emphasis emphasis-type=&quot;italic&quot;&gt;&lt;emphasis emphasis-type=&quot;bold&quot;&gt;autosomal
recessive &lt;/emphasis&gt;&lt;/emphasis&gt;condition characterized by &lt;emphasis emphasis-type=&quot;italic&quot;&gt;&lt;emphasis emphasis-type=&quot;bold&quot;&gt;urine that turns black on standing&lt;/emphasis&gt;&lt;/emphasis&gt; and,
in later life, a debilitating &lt;emphasis emphasis-type=&quot;italic&quot;&gt;&lt;emphasis emphasis-type=&quot;bold&quot;&gt;arthritis&lt;/emphasis&gt;&lt;/emphasis&gt;.
Cartilage also accumulates the dark brown/black pigmentation (&lt;emphasis emphasis-type=&quot;italic&quot;&gt;&lt;emphasis emphasis-type=&quot;bold&quot;&gt;ochronosis&lt;/emphasis&gt;&lt;/emphasis&gt;). Other features include &lt;emphasis emphasis-type=&quot;italic&quot;&gt;&lt;emphasis emphasis-type=&quot;bold&quot;&gt;pigmented sclera&lt;/emphasis&gt;&lt;/emphasis&gt; and
kidney stones. Alkaptonuria results from deficiency of &lt;emphasis emphasis-type=&quot;italic&quot;&gt;&lt;emphasis emphasis-type=&quot;bold&quot;&gt;homogentisic acid oxidase&lt;/emphasis&gt;,&lt;/emphasis&gt; an important
enzyme in the &lt;emphasis emphasis-type=&quot;italic&quot;&gt;&lt;emphasis emphasis-type=&quot;bold&quot;&gt;tyrosine
degradation pathway&lt;/emphasis&gt;&lt;/emphasis&gt;. Dysfunction results in accumulation
of homogentisic acid. &lt;/para&gt;&lt;para&gt;Carcinoid syndrome &lt;emphasis emphasis-type=&quot;bold&quot;&gt;(choice B)&lt;/emphasis&gt; can
also produce &lt;emphasis emphasis-type=&quot;bold&quot;&gt;&lt;emphasis emphasis-type=&quot;italic&quot;&gt;niacin
deficiency&lt;/emphasis&gt;&lt;/emphasis&gt;. The syndrome occurs when serotonin-producing
gastrointestinal carcinoid tumors&lt;emphasis emphasis-type=&quot;italic&quot;&gt;&lt;emphasis emphasis-type=&quot;bold&quot;&gt; metastasize to the liver&lt;/emphasis&gt;&lt;/emphasis&gt;. By spreading
to the liver, the secreted &lt;emphasis emphasis-type=&quot;italic&quot;&gt;&lt;emphasis emphasis-type=&quot;bold&quot;&gt;serotonin
can bypass hepatic metabolism, &lt;/emphasis&gt;&lt;/emphasis&gt;causing diarrhea, flushing,
heart murmurs, and wheezing. Importantly, &lt;emphasis emphasis-type=&quot;italic&quot;&gt;&lt;emphasis emphasis-type=&quot;bold&quot;&gt;production of serotonin by the tumor requires tryptophan
precursor, make it unavailable for niacin production&lt;/emphasis&gt;&lt;/emphasis&gt;.
Niacin deficiency and symptoms of pellagra, including diarrhea, photosensitive
dermatitis, and dementia, then ensue. The age of our patient and urinalysis
findings make carcinoid tumor an unlikely diagnosis.   &lt;/para&gt;&lt;para&gt;Cystinuria &lt;emphasis emphasis-type=&quot;bold&quot;&gt;(choice C) &lt;/emphasis&gt;is an &lt;emphasis emphasis-type=&quot;italic&quot;&gt;&lt;emphasis emphasis-type=&quot;bold&quot;&gt;autosomal recessive&lt;/emphasis&gt;&lt;/emphasis&gt; defect
in &lt;emphasis emphasis-type=&quot;italic&quot;&gt;&lt;emphasis emphasis-type=&quot;bold&quot;&gt;renal epithelial
transport&lt;/emphasis&gt; of &lt;emphasis emphasis-type=&quot;bold&quot;&gt;cysteine&lt;/emphasis&gt;&lt;/emphasis&gt; and
the basic amino acids lysine, arginine, and ornithine. Absorption of these
amino acids normally occurs in the &lt;emphasis emphasis-type=&quot;italic&quot;&gt;&lt;emphasis emphasis-type=&quot;bold&quot;&gt;proximal convoluted tubule&lt;/emphasis&gt;&lt;/emphasis&gt;. Defective
absorption means cysteine accumulates in renal tubules and forms cystine (two
cysteine molecules attached by disulfide bond), which can precipitate as &lt;emphasis emphasis-type=&quot;italic&quot;&gt;&lt;emphasis emphasis-type=&quot;bold&quot;&gt;cystine kidney stones&lt;/emphasis&gt;&lt;/emphasis&gt;.
This process relies on an acidic tubular environment, thus &lt;emphasis emphasis-type=&quot;italic&quot;&gt;&lt;emphasis emphasis-type=&quot;bold&quot;&gt;alkalization of the urine&lt;/emphasis&gt;&lt;/emphasis&gt; (acetazolamide)
can treat this issue. The other amino acids listed are much more soluble than
cystine and do not cause nephrolithiasis. &lt;/para&gt;&lt;para&gt;Homocystinuria &lt;emphasis emphasis-type=&quot;bold&quot;&gt;(choice E) &lt;/emphasis&gt;is
an &lt;emphasis emphasis-type=&quot;italic&quot;&gt;&lt;emphasis emphasis-type=&quot;bold&quot;&gt;autosomal
recessive deficiency&lt;/emphasis&gt;&lt;/emphasis&gt; of various enzymes in the &lt;emphasis emphasis-type=&quot;italic&quot;&gt;&lt;emphasis emphasis-type=&quot;bold&quot;&gt;cysteine synthesis pathway&lt;/emphasis&gt;&lt;/emphasis&gt;.
Affected enzymes include &lt;emphasis emphasis-type=&quot;italic&quot;&gt;&lt;emphasis emphasis-type=&quot;bold&quot;&gt;cystathionine
synthase&lt;/emphasis&gt;&lt;/emphasis&gt; and &lt;emphasis emphasis-type=&quot;italic&quot;&gt;&lt;emphasis emphasis-type=&quot;bold&quot;&gt;homocysteine methyltransferase&lt;/emphasis&gt;&lt;/emphasis&gt;.
The net result is excess serum homocysteine (and decreased cysteine), which
disrupts connective tissue, blood vessels, and the coagulation cascade. Patient
findings include &lt;emphasis emphasis-type=&quot;italic&quot;&gt;&lt;emphasis emphasis-type=&quot;bold&quot;&gt;mental
retardation, Marfanoid habitus, osteoporosis, hypercoagulability (deep vein
thrombosis, etc.)&lt;/emphasis&gt;&lt;/emphasis&gt;, and &lt;emphasis emphasis-type=&quot;italic&quot;&gt;&lt;emphasis emphasis-type=&quot;bold&quot;&gt;increased risk for cardiovascular disease&lt;/emphasis&gt;&lt;/emphasis&gt;.
As a caveat, on the USMLE, be careful to distinguish between Marfan syndrome
and homocystinuria, since both present with similar connective tissue findings.
Symptoms inconsistent with Marfan syndrome include mental retardation, hypercoagulability,
limited joint mobility, &lt;emphasis emphasis-type=&quot;italic&quot;&gt;&lt;emphasis emphasis-type=&quot;bold&quot;&gt;downward
lens subluxation &lt;/emphasis&gt;(&lt;emphasis emphasis-type=&quot;bold&quot;&gt;Marfan is upwards&lt;/emphasis&gt;)&lt;/emphasis&gt;,
and seizures. There are also no amino acid abnormalities in Marfan syndrome. &lt;/para&gt;&lt;para&gt;&lt;emphasis emphasis-type=&quot;italic&quot;&gt;Updated on 05/26/2015&lt;/emphasis&gt;&lt;/para&gt;&lt;/explanation&gt;&lt;remediation&gt;&lt;firstaid&gt;&lt;para&gt;&lt;emphasis emphasis-type=&quot;italic&quot;&gt;MedEssentials (4th Ed.):&lt;/emphasis&gt; pp.
48&lt;/para&gt;&lt;para&gt;&lt;emphasis emphasis-type=&quot;italic&quot;&gt;First Aid (2015):&lt;/emphasis&gt; pp.
531.3&lt;/para&gt;&lt;para&gt;&lt;emphasis emphasis-type=&quot;italic&quot;&gt;First Aid (2014):&lt;/emphasis&gt; pp.
527.2&lt;/para&gt;&lt;para&gt;&lt;emphasis emphasis-type=&quot;italic&quot;&gt;First Aid (2013):&lt;/emphasis&gt; pp.
109.4&lt;/para&gt;&lt;/firstaid&gt;&lt;list&gt;&lt;listItem&gt;Hartnup disease resembles pellagra (&quot;diarrhea, dementia, and dermatitis&quot;)
and may be misdiagnosed as nutritional deficiency of niacin. &lt;/listItem&gt;&lt;listItem&gt;Hartnup disease is due to a defect in the epithelial transport of
neutral amino acids, including tryptophan, which is a precursor for niacin
production. &lt;/listItem&gt;&lt;listItem&gt;The defective amino acid transport leads to poor absorption of dietary
amino acids and excess amino acid secretion in the urine. &lt;/listItem&gt;&lt;/list&gt;&lt;/remediation&gt;&lt;tab name=&quot;teaching&quot; title=&quot;Teaching&quot;&gt;&lt;flashMediaObject fileName=&quot;OL1137m.mp4&quot; width=&quot;600&quot; height=&quot;482&quot; /&gt;&lt;/tab&gt;&lt;medEssentials&gt;&lt;graphic graphic-ref=&quot;medEssentials_3E_47.png&quot; width=&quot;685&quot; height=&quot;1670&quot; /&gt;&lt;/medEssentials&gt;&lt;/question&gt;
">
      <![CDATA[java.lang.AssertionError: Response body doesn't match expectation.
Expected: a string containing "05/26/15"
  Actual: <question contentItemName="OL1137m2" contentItemId="279121" version="1" mediaPrefix="/content/media/21/279121.1."><categoryRefs><catRef-USMLESTEP1-discipline categoryName="pathology" /><catRef-USMLESTEP1-organsystem categoryName="multisystem" /><catRef-USMLESTEP1-topic categoryName="GeneticDisorders.AutosomalRecessiveDisorders" /><catRef-USMLESTEP1-task categoryName="clinical" /><catRef-MultMediaQuestion categoryName="no" /><catRef-EOC categoryName="true" /><catRef-MED-Highyield categoryName="yes" /><catRef-MED-difficulty categoryName="average" /></categoryRefs><stimulus><para>A 10-year-old boy is brought to the physician because of diarrhea; a
red, scaly rash; and mild unsteady gait. His mother says that his diet is
not deficient in protein or any other caloric foods or nutrients. She says
that his sister has a similar condition. Urinalysis shows large amounts of
free amino acids.<span name="questionStem"> Which of the following is the
most likely underlying condition? </span></para></stimulus><answer-choice-set><answer-choice> Alkaptonuria</answer-choice><answer-choice> Carcinoid tumor</answer-choice><answer-choice> Cystinuria</answer-choice><answer-choice correct="yes"> Hartnup disease</answer-choice><answer-choice> Homocystinuria</answer-choice></answer-choice-set><explanation><para><emphasis emphasis-type="bold">The correct answer is D.</emphasis> This
child has <emphasis emphasis-type="italic"><emphasis emphasis-type="bold">Hartnup
disease</emphasis></emphasis>, an <emphasis emphasis-type="italic"><emphasis emphasis-type="bold">autosomal recessive condition</emphasis></emphasis> resulting
from <emphasis emphasis-type="italic"><emphasis emphasis-type="bold">defective
amino acid transporters</emphasis></emphasis> in <emphasis emphasis-type="bold"><emphasis emphasis-type="italic">intestinal and renal epithelial cells</emphasis></emphasis>.
Despite normal dietary intake, these patients present with poor absorption
of dietary amino acids  and excess amino acid secretion in urine. </para><para>Specifically, in Hartnup disease, there is <emphasis emphasis-type="italic"><emphasis emphasis-type="bold">impaired transport of neutral amino acids</emphasis></emphasis>,
including <emphasis emphasis-type="italic"><emphasis emphasis-type="bold">tryptophan</emphasis></emphasis>,
which is the <emphasis emphasis-type="italic"><emphasis emphasis-type="bold">precursor
for niacin (requires B6 cofactor)</emphasis></emphasis>. This condition <emphasis emphasis-type="italic"><emphasis emphasis-type="bold">clinically resembles
pellagra ("diarrhea, dementia, and dermatitis")</emphasis></emphasis> and
may be misdiagnosed as this nutritional (niacin) deficiency. Niacin supplementation
may be helpful in controlling the symptoms. </para><para>Alkaptonuria <emphasis emphasis-type="bold">(choice A)</emphasis> is
an <emphasis emphasis-type="italic"><emphasis emphasis-type="bold">autosomal
recessive </emphasis></emphasis>condition characterized by <emphasis emphasis-type="italic"><emphasis emphasis-type="bold">urine that turns black on standing</emphasis></emphasis> and,
in later life, a debilitating <emphasis emphasis-type="italic"><emphasis emphasis-type="bold">arthritis</emphasis></emphasis>.
Cartilage also accumulates the dark brown/black pigmentation (<emphasis emphasis-type="italic"><emphasis emphasis-type="bold">ochronosis</emphasis></emphasis>). Other features include <emphasis emphasis-type="italic"><emphasis emphasis-type="bold">pigmented sclera</emphasis></emphasis> and
kidney stones. Alkaptonuria results from deficiency of <emphasis emphasis-type="italic"><emphasis emphasis-type="bold">homogentisic acid oxidase</emphasis>,</emphasis> an important
enzyme in the <emphasis emphasis-type="italic"><emphasis emphasis-type="bold">tyrosine
degradation pathway</emphasis></emphasis>. Dysfunction results in accumulation
of homogentisic acid. </para><para>Carcinoid syndrome <emphasis emphasis-type="bold">(choice B)</emphasis> can
also produce <emphasis emphasis-type="bold"><emphasis emphasis-type="italic">niacin
deficiency</emphasis></emphasis>. The syndrome occurs when serotonin-producing
gastrointestinal carcinoid tumors<emphasis emphasis-type="italic"><emphasis emphasis-type="bold"> metastasize to the liver</emphasis></emphasis>. By spreading
to the liver, the secreted <emphasis emphasis-type="italic"><emphasis emphasis-type="bold">serotonin
can bypass hepatic metabolism, </emphasis></emphasis>causing diarrhea, flushing,
heart murmurs, and wheezing. Importantly, <emphasis emphasis-type="italic"><emphasis emphasis-type="bold">production of serotonin by the tumor requires tryptophan
precursor, make it unavailable for niacin production</emphasis></emphasis>.
Niacin deficiency and symptoms of pellagra, including diarrhea, photosensitive
dermatitis, and dementia, then ensue. The age of our patient and urinalysis
findings make carcinoid tumor an unlikely diagnosis.   </para><para>Cystinuria <emphasis emphasis-type="bold">(choice C) </emphasis>is an <emphasis emphasis-type="italic"><emphasis emphasis-type="bold">autosomal recessive</emphasis></emphasis> defect
in <emphasis emphasis-type="italic"><emphasis emphasis-type="bold">renal epithelial
transport</emphasis> of <emphasis emphasis-type="bold">cysteine</emphasis></emphasis> and
the basic amino acids lysine, arginine, and ornithine. Absorption of these
amino acids normally occurs in the <emphasis emphasis-type="italic"><emphasis emphasis-type="bold">proximal convoluted tubule</emphasis></emphasis>. Defective
absorption means cysteine accumulates in renal tubules and forms cystine (two
cysteine molecules attached by disulfide bond), which can precipitate as <emphasis emphasis-type="italic"><emphasis emphasis-type="bold">cystine kidney stones</emphasis></emphasis>.
This process relies on an acidic tubular environment, thus <emphasis emphasis-type="italic"><emphasis emphasis-type="bold">alkalization of the urine</emphasis></emphasis> (acetazolamide)
can treat this issue. The other amino acids listed are much more soluble than
cystine and do not cause nephrolithiasis. </para><para>Homocystinuria <emphasis emphasis-type="bold">(choice E) </emphasis>is
an <emphasis emphasis-type="italic"><emphasis emphasis-type="bold">autosomal
recessive deficiency</emphasis></emphasis> of various enzymes in the <emphasis emphasis-type="italic"><emphasis emphasis-type="bold">cysteine synthesis pathway</emphasis></emphasis>.
Affected enzymes include <emphasis emphasis-type="italic"><emphasis emphasis-type="bold">cystathionine
synthase</emphasis></emphasis> and <emphasis emphasis-type="italic"><emphasis emphasis-type="bold">homocysteine methyltransferase</emphasis></emphasis>.
The net result is excess serum homocysteine (and decreased cysteine), which
disrupts connective tissue, blood vessels, and the coagulation cascade. Patient
findings include <emphasis emphasis-type="italic"><emphasis emphasis-type="bold">mental
retardation, Marfanoid habitus, osteoporosis, hypercoagulability (deep vein
thrombosis, etc.)</emphasis></emphasis>, and <emphasis emphasis-type="italic"><emphasis emphasis-type="bold">increased risk for cardiovascular disease</emphasis></emphasis>.
As a caveat, on the USMLE, be careful to distinguish between Marfan syndrome
and homocystinuria, since both present with similar connective tissue findings.
Symptoms inconsistent with Marfan syndrome include mental retardation, hypercoagulability,
limited joint mobility, <emphasis emphasis-type="italic"><emphasis emphasis-type="bold">downward
lens subluxation </emphasis>(<emphasis emphasis-type="bold">Marfan is upwards</emphasis>)</emphasis>,
and seizures. There are also no amino acid abnormalities in Marfan syndrome. </para><para><emphasis emphasis-type="italic">Updated on 05/26/2015</emphasis></para></explanation><remediation><firstaid><para><emphasis emphasis-type="italic">MedEssentials (4th Ed.):</emphasis> pp.
48</para><para><emphasis emphasis-type="italic">First Aid (2015):</emphasis> pp.
531.3</para><para><emphasis emphasis-type="italic">First Aid (2014):</emphasis> pp.
527.2</para><para><emphasis emphasis-type="italic">First Aid (2013):</emphasis> pp.
109.4</para></firstaid><list><listItem>Hartnup disease resembles pellagra ("diarrhea, dementia, and dermatitis")
and may be misdiagnosed as nutritional deficiency of niacin. </listItem><listItem>Hartnup disease is due to a defect in the epithelial transport of
neutral amino acids, including tryptophan, which is a precursor for niacin
production. </listItem><listItem>The defective amino acid transport leads to poor absorption of dietary
amino acids and excess amino acid secretion in the urine. </listItem></list></remediation><tab name="teaching" title="Teaching"><flashMediaObject fileName="OL1137m.mp4" width="600" height="482" /></tab><medEssentials><graphic graphic-ref="medEssentials_3E_47.png" width="685" height="1670" /></medEssentials></question>

	at sun.reflect.NativeConstructorAccessorImpl.newInstance0(Native Method)
	at sun.reflect.NativeConstructorAccessorImpl.newInstance(Unknown Source)
	at sun.reflect.DelegatingConstructorAccessorImpl.newInstance(Unknown Source)
	at java.lang.reflect.Constructor.newInstance(Unknown Source)
	at org.codehaus.groovy.reflection.CachedConstructor.invoke(CachedConstructor.java:77)
	at org.codehaus.groovy.reflection.CachedConstructor.doConstructorInvoke(CachedConstructor.java:71)
	at org.codehaus.groovy.runtime.callsite.ConstructorSite$ConstructorSiteNoUnwrap.callConstructor(ConstructorSite.java:81)
	at org.codehaus.groovy.runtime.callsite.CallSiteArray.defaultCallConstructor(CallSiteArray.java:57)
	at org.codehaus.groovy.runtime.callsite.ConstructorSite$ConstructorSiteNoUnwrapNoCoerce.callConstructor(ConstructorSite.java:107)
	at org.codehaus.groovy.runtime.callsite.AbstractCallSite.callConstructor(AbstractCallSite.java:190)
	at com.jayway.restassured.internal.ResponseSpecificationImpl$HamcrestAssertionClosure.validate(ResponseSpecificationImpl.groovy:572)
	at com.jayway.restassured.internal.ResponseSpecificationImpl$HamcrestAssertionClosure$validate$1.call(Unknown Source)
	at com.jayway.restassured.internal.ResponseSpecificationImpl.validateResponseIfRequired(ResponseSpecificationImpl.groovy:731)
	at com.jayway.restassured.internal.ResponseSpecificationImpl.this$2$validateResponseIfRequired(ResponseSpecificationImpl.groovy)
	at com.jayway.restassured.internal.ResponseSpecificationImpl$this$2$validateResponseIfRequired$1.callCurrent(Unknown Source)
	at com.jayway.restassured.internal.ResponseSpecificationImpl.content(ResponseSpecificationImpl.groovy:91)
	at com.jayway.restassured.specification.ResponseSpecification$content$0.callCurrent(Unknown Source)
	at com.jayway.restassured.internal.ResponseSpecificationImpl.body(ResponseSpecificationImpl.groovy:206)
	at com.jayway.restassured.internal.ValidatableResponseOptionsImpl.body(ValidatableResponseOptionsImpl.java:251)
	at health.med.MedTest.myTest(MedTest.java:64)
	at sun.reflect.GeneratedMethodAccessor118.invoke(Unknown Source)
	at sun.reflect.DelegatingMethodAccessorImpl.invoke(Unknown Source)
	at java.lang.reflect.Method.invoke(Unknown Source)
	at org.testng.internal.MethodInvocationHelper.invokeMethod(MethodInvocationHelper.java:84)
	at org.testng.internal.Invoker.invokeMethod(Invoker.java:714)
	at org.testng.internal.Invoker.invokeTestMethod(Invoker.java:901)
	at org.testng.internal.Invoker.invokeTestMethods(Invoker.java:1231)
	at org.testng.internal.TestMethodWorker.invokeTestMethods(TestMethodWorker.java:127)
	at org.testng.internal.TestMethodWorker.run(TestMethodWorker.java:111)
	at org.testng.TestRunner.privateRun(TestRunner.java:767)
	at org.testng.TestRunner.run(TestRunner.java:617)
	at org.testng.SuiteRunner.runTest(SuiteRunner.java:334)
	at org.testng.SuiteRunner.runSequentially(SuiteRunner.java:329)
	at org.testng.SuiteRunner.privateRun(SuiteRunner.java:291)
	at org.testng.SuiteRunner.run(SuiteRunner.java:240)
	at org.testng.SuiteRunnerWorker.runSuite(SuiteRunnerWorker.java:52)
	at org.testng.SuiteRunnerWorker.run(SuiteRunnerWorker.java:86)
	at org.testng.TestNG.runSuitesSequentially(TestNG.java:1224)
	at org.testng.TestNG.runSuitesLocally(TestNG.java:1149)
	at org.testng.TestNG.run(TestNG.java:1057)
	at org.testng.remote.RemoteTestNG.run(RemoteTestNG.java:111)
	at org.testng.remote.RemoteTestNG.initAndRun(RemoteTestNG.java:204)
	at org.testng.remote.RemoteTestNG.main(RemoteTestNG.java:175)
]]>
    </error>
  </testcase> <!-- myTest -->
  <testcase name="myTest" time="0.189" classname="health.med.MedTest"/>
  <testcase name="myTest" time="0.204" classname="health.med.MedTest">
    <failure type="org.xml.sax.SAXParseException" message="Open quote is expected for attribute &quot;width&quot; associated with an  element type  &quot;hr&quot;.">
      <![CDATA[org.xml.sax.SAXParseException; lineNumber: 28; columnNumber: 65; Open quote is expected for attribute "width" associated with an  element type  "hr".
	at org.apache.xerces.parsers.DOMParser.parse(Unknown Source)
	at org.apache.xerces.jaxp.DocumentBuilderImpl.parse(Unknown Source)
	at javax.xml.parsers.DocumentBuilder.parse(Unknown Source)
	at javax.xml.parsers.DocumentBuilder$parse.call(Unknown Source)
	at com.jayway.restassured.assertion.BodyMatcher.validate(BodyMatcher.groovy:67)
	at com.jayway.restassured.assertion.BodyMatcher$validate$0.call(Unknown Source)
	at com.jayway.restassured.assertion.BodyMatcherGroup$_validate_closure2.doCall(BodyMatcherGroup.groovy:47)
	at sun.reflect.NativeMethodAccessorImpl.invoke0(Native Method)
	at sun.reflect.NativeMethodAccessorImpl.invoke(Unknown Source)
	at sun.reflect.DelegatingMethodAccessorImpl.invoke(Unknown Source)
	at java.lang.reflect.Method.invoke(Unknown Source)
	at org.codehaus.groovy.reflection.CachedMethod.invoke(CachedMethod.java:90)
	at groovy.lang.MetaMethod.doMethodInvoke(MetaMethod.java:324)
	at org.codehaus.groovy.runtime.metaclass.ClosureMetaClass.invokeMethod(ClosureMetaClass.java:278)
	at groovy.lang.MetaClassImpl.invokeMethod(MetaClassImpl.java:1016)
	at groovy.lang.Closure.call(Closure.java:423)
	at groovy.lang.Closure.call(Closure.java:439)
	at org.codehaus.groovy.runtime.DefaultGroovyMethods.collect(DefaultGroovyMethods.java:2348)
	at org.codehaus.groovy.runtime.DefaultGroovyMethods.collect(DefaultGroovyMethods.java:2318)
	at org.codehaus.groovy.runtime.dgm$63.invoke(Unknown Source)
	at org.codehaus.groovy.runtime.callsite.PojoMetaMethodSite$PojoMetaMethodSiteNoUnwrapNoCoerce.invoke(PojoMetaMethodSite.java:271)
	at org.codehaus.groovy.runtime.callsite.PojoMetaMethodSite.call(PojoMetaMethodSite.java:53)
	at org.codehaus.groovy.runtime.callsite.AbstractCallSite.call(AbstractCallSite.java:116)
	at com.jayway.restassured.assertion.BodyMatcherGroup.validate(BodyMatcherGroup.groovy:47)
	at com.jayway.restassured.assertion.BodyMatcherGroup$validate$3.call(Unknown Source)
	at com.jayway.restassured.internal.ResponseSpecificationImpl$HamcrestAssertionClosure.validate(ResponseSpecificationImpl.groovy:560)
	at com.jayway.restassured.internal.ResponseSpecificationImpl$HamcrestAssertionClosure$validate$1.call(Unknown Source)
	at com.jayway.restassured.internal.ResponseSpecificationImpl.validateResponseIfRequired(ResponseSpecificationImpl.groovy:731)
	at com.jayway.restassured.internal.ResponseSpecificationImpl.this$2$validateResponseIfRequired(ResponseSpecificationImpl.groovy)
	at com.jayway.restassured.internal.ResponseSpecificationImpl$this$2$validateResponseIfRequired$1.callCurrent(Unknown Source)
	at com.jayway.restassured.internal.ResponseSpecificationImpl.content(ResponseSpecificationImpl.groovy:91)
	at com.jayway.restassured.specification.ResponseSpecification$content$0.callCurrent(Unknown Source)
	at com.jayway.restassured.internal.ResponseSpecificationImpl.body(ResponseSpecificationImpl.groovy:206)
	at com.jayway.restassured.internal.ValidatableResponseOptionsImpl.body(ValidatableResponseOptionsImpl.java:251)
	at health.med.MedTest.myTest(MedTest.java:64)
	at sun.reflect.NativeMethodAccessorImpl.invoke0(Native Method)
	at sun.reflect.NativeMethodAccessorImpl.invoke(Unknown Source)
	at sun.reflect.DelegatingMethodAccessorImpl.invoke(Unknown Source)
	at java.lang.reflect.Method.invoke(Unknown Source)
	at org.testng.internal.MethodInvocationHelper.invokeMethod(MethodInvocationHelper.java:84)
	at org.testng.internal.Invoker.invokeMethod(Invoker.java:714)
	at org.testng.internal.Invoker.invokeTestMethod(Invoker.java:901)
	at org.testng.internal.Invoker.invokeTestMethods(Invoker.java:1231)
	at org.testng.internal.TestMethodWorker.invokeTestMethods(TestMethodWorker.java:127)
	at org.testng.internal.TestMethodWorker.run(TestMethodWorker.java:111)
	at org.testng.TestRunner.privateRun(TestRunner.java:767)
	at org.testng.TestRunner.run(TestRunner.java:617)
	at org.testng.SuiteRunner.runTest(SuiteRunner.java:334)
	at org.testng.SuiteRunner.runSequentially(SuiteRunner.java:329)
	at org.testng.SuiteRunner.privateRun(SuiteRunner.java:291)
	at org.testng.SuiteRunner.run(SuiteRunner.java:240)
	at org.testng.SuiteRunnerWorker.runSuite(SuiteRunnerWorker.java:52)
	at org.testng.SuiteRunnerWorker.run(SuiteRunnerWorker.java:86)
	at org.testng.TestNG.runSuitesSequentially(TestNG.java:1224)
	at org.testng.TestNG.runSuitesLocally(TestNG.java:1149)
	at org.testng.TestNG.run(TestNG.java:1057)
	at org.testng.remote.RemoteTestNG.run(RemoteTestNG.java:111)
	at org.testng.remote.RemoteTestNG.initAndRun(RemoteTestNG.java:204)
	at org.testng.remote.RemoteTestNG.main(RemoteTestNG.java:175)
]]>
    </failure>
  </testcase> <!-- myTest -->
  <testcase name="myTest" time="0.163" classname="health.med.MedTest"/>
  <testcase name="myTest" time="0.220" classname="health.med.MedTest"/>
  <testcase name="myTest" time="0.001" classname="health.med.MedTest"/>
  <testcase name="myTest" time="0.002" classname="health.med.MedTest"/>
  <testcase name="myTest" time="0.180" classname="health.med.MedTest">
    <failure type="org.xml.sax.SAXParseException" message="Open quote is expected for attribute &quot;width&quot; associated with an  element type  &quot;hr&quot;.">
      <![CDATA[org.xml.sax.SAXParseException; lineNumber: 28; columnNumber: 65; Open quote is expected for attribute "width" associated with an  element type  "hr".
	at org.apache.xerces.parsers.DOMParser.parse(Unknown Source)
	at org.apache.xerces.jaxp.DocumentBuilderImpl.parse(Unknown Source)
	at javax.xml.parsers.DocumentBuilder.parse(Unknown Source)
	at javax.xml.parsers.DocumentBuilder$parse.call(Unknown Source)
	at com.jayway.restassured.assertion.BodyMatcher.validate(BodyMatcher.groovy:67)
	at com.jayway.restassured.assertion.BodyMatcher$validate$0.call(Unknown Source)
	at com.jayway.restassured.assertion.BodyMatcherGroup$_validate_closure2.doCall(BodyMatcherGroup.groovy:47)
	at sun.reflect.GeneratedMethodAccessor64.invoke(Unknown Source)
	at sun.reflect.DelegatingMethodAccessorImpl.invoke(Unknown Source)
	at java.lang.reflect.Method.invoke(Unknown Source)
	at org.codehaus.groovy.reflection.CachedMethod.invoke(CachedMethod.java:90)
	at groovy.lang.MetaMethod.doMethodInvoke(MetaMethod.java:324)
	at org.codehaus.groovy.runtime.metaclass.ClosureMetaClass.invokeMethod(ClosureMetaClass.java:278)
	at groovy.lang.MetaClassImpl.invokeMethod(MetaClassImpl.java:1016)
	at groovy.lang.Closure.call(Closure.java:423)
	at groovy.lang.Closure.call(Closure.java:439)
	at org.codehaus.groovy.runtime.DefaultGroovyMethods.collect(DefaultGroovyMethods.java:2348)
	at org.codehaus.groovy.runtime.DefaultGroovyMethods.collect(DefaultGroovyMethods.java:2318)
	at org.codehaus.groovy.runtime.dgm$63.invoke(Unknown Source)
	at org.codehaus.groovy.runtime.callsite.PojoMetaMethodSite$PojoMetaMethodSiteNoUnwrapNoCoerce.invoke(PojoMetaMethodSite.java:271)
	at org.codehaus.groovy.runtime.callsite.PojoMetaMethodSite.call(PojoMetaMethodSite.java:53)
	at org.codehaus.groovy.runtime.callsite.AbstractCallSite.call(AbstractCallSite.java:116)
	at com.jayway.restassured.assertion.BodyMatcherGroup.validate(BodyMatcherGroup.groovy:47)
	at com.jayway.restassured.assertion.BodyMatcherGroup$validate$3.call(Unknown Source)
	at com.jayway.restassured.internal.ResponseSpecificationImpl$HamcrestAssertionClosure.validate(ResponseSpecificationImpl.groovy:560)
	at com.jayway.restassured.internal.ResponseSpecificationImpl$HamcrestAssertionClosure$validate$1.call(Unknown Source)
	at com.jayway.restassured.internal.ResponseSpecificationImpl.validateResponseIfRequired(ResponseSpecificationImpl.groovy:731)
	at com.jayway.restassured.internal.ResponseSpecificationImpl.this$2$validateResponseIfRequired(ResponseSpecificationImpl.groovy)
	at com.jayway.restassured.internal.ResponseSpecificationImpl$this$2$validateResponseIfRequired$1.callCurrent(Unknown Source)
	at com.jayway.restassured.internal.ResponseSpecificationImpl.content(ResponseSpecificationImpl.groovy:91)
	at com.jayway.restassured.specification.ResponseSpecification$content$0.callCurrent(Unknown Source)
	at com.jayway.restassured.internal.ResponseSpecificationImpl.body(ResponseSpecificationImpl.groovy:206)
	at com.jayway.restassured.internal.ValidatableResponseOptionsImpl.body(ValidatableResponseOptionsImpl.java:251)
	at health.med.MedTest.myTest(MedTest.java:64)
	at sun.reflect.NativeMethodAccessorImpl.invoke0(Native Method)
	at sun.reflect.NativeMethodAccessorImpl.invoke(Unknown Source)
	at sun.reflect.DelegatingMethodAccessorImpl.invoke(Unknown Source)
	at java.lang.reflect.Method.invoke(Unknown Source)
	at org.testng.internal.MethodInvocationHelper.invokeMethod(MethodInvocationHelper.java:84)
	at org.testng.internal.Invoker.invokeMethod(Invoker.java:714)
	at org.testng.internal.Invoker.invokeTestMethod(Invoker.java:901)
	at org.testng.internal.Invoker.invokeTestMethods(Invoker.java:1231)
	at org.testng.internal.TestMethodWorker.invokeTestMethods(TestMethodWorker.java:127)
	at org.testng.internal.TestMethodWorker.run(TestMethodWorker.java:111)
	at org.testng.TestRunner.privateRun(TestRunner.java:767)
	at org.testng.TestRunner.run(TestRunner.java:617)
	at org.testng.SuiteRunner.runTest(SuiteRunner.java:334)
	at org.testng.SuiteRunner.runSequentially(SuiteRunner.java:329)
	at org.testng.SuiteRunner.privateRun(SuiteRunner.java:291)
	at org.testng.SuiteRunner.run(SuiteRunner.java:240)
	at org.testng.SuiteRunnerWorker.runSuite(SuiteRunnerWorker.java:52)
	at org.testng.SuiteRunnerWorker.run(SuiteRunnerWorker.java:86)
	at org.testng.TestNG.runSuitesSequentially(TestNG.java:1224)
	at org.testng.TestNG.runSuitesLocally(TestNG.java:1149)
	at org.testng.TestNG.run(TestNG.java:1057)
	at org.testng.remote.RemoteTestNG.run(RemoteTestNG.java:111)
	at org.testng.remote.RemoteTestNG.initAndRun(RemoteTestNG.java:204)
	at org.testng.remote.RemoteTestNG.main(RemoteTestNG.java:175)
]]>
    </failure>
  </testcase> <!-- myTest -->
  <testcase name="myTest" time="0.181" classname="health.med.MedTest"/>
  <testcase name="myTest" time="0.172" classname="health.med.MedTest"/>
  <testcase name="myTest" time="0.001" classname="health.med.MedTest"/>
  <testcase name="myTest" time="0.184" classname="health.med.MedTest">
    <failure type="org.xml.sax.SAXParseException" message="Open quote is expected for attribute &quot;width&quot; associated with an  element type  &quot;hr&quot;.">
      <![CDATA[org.xml.sax.SAXParseException; lineNumber: 28; columnNumber: 65; Open quote is expected for attribute "width" associated with an  element type  "hr".
	at org.apache.xerces.parsers.DOMParser.parse(Unknown Source)
	at org.apache.xerces.jaxp.DocumentBuilderImpl.parse(Unknown Source)
	at javax.xml.parsers.DocumentBuilder.parse(Unknown Source)
	at javax.xml.parsers.DocumentBuilder$parse.call(Unknown Source)
	at com.jayway.restassured.assertion.BodyMatcher.validate(BodyMatcher.groovy:67)
	at com.jayway.restassured.assertion.BodyMatcher$validate$0.call(Unknown Source)
	at com.jayway.restassured.assertion.BodyMatcherGroup$_validate_closure2.doCall(BodyMatcherGroup.groovy:47)
	at sun.reflect.NativeMethodAccessorImpl.invoke0(Native Method)
	at sun.reflect.NativeMethodAccessorImpl.invoke(Unknown Source)
	at sun.reflect.DelegatingMethodAccessorImpl.invoke(Unknown Source)
	at java.lang.reflect.Method.invoke(Unknown Source)
	at org.codehaus.groovy.reflection.CachedMethod.invoke(CachedMethod.java:90)
	at groovy.lang.MetaMethod.doMethodInvoke(MetaMethod.java:324)
	at org.codehaus.groovy.runtime.metaclass.ClosureMetaClass.invokeMethod(ClosureMetaClass.java:278)
	at groovy.lang.MetaClassImpl.invokeMethod(MetaClassImpl.java:1016)
	at groovy.lang.Closure.call(Closure.java:423)
	at groovy.lang.Closure.call(Closure.java:439)
	at org.codehaus.groovy.runtime.DefaultGroovyMethods.collect(DefaultGroovyMethods.java:2348)
	at org.codehaus.groovy.runtime.DefaultGroovyMethods.collect(DefaultGroovyMethods.java:2318)
	at org.codehaus.groovy.runtime.dgm$63.invoke(Unknown Source)
	at org.codehaus.groovy.runtime.callsite.PojoMetaMethodSite$PojoMetaMethodSiteNoUnwrapNoCoerce.invoke(PojoMetaMethodSite.java:271)
	at org.codehaus.groovy.runtime.callsite.PojoMetaMethodSite.call(PojoMetaMethodSite.java:53)
	at org.codehaus.groovy.runtime.callsite.AbstractCallSite.call(AbstractCallSite.java:116)
	at com.jayway.restassured.assertion.BodyMatcherGroup.validate(BodyMatcherGroup.groovy:47)
	at com.jayway.restassured.assertion.BodyMatcherGroup$validate$3.call(Unknown Source)
	at com.jayway.restassured.internal.ResponseSpecificationImpl$HamcrestAssertionClosure.validate(ResponseSpecificationImpl.groovy:560)
	at com.jayway.restassured.internal.ResponseSpecificationImpl$HamcrestAssertionClosure$validate$1.call(Unknown Source)
	at com.jayway.restassured.internal.ResponseSpecificationImpl.validateResponseIfRequired(ResponseSpecificationImpl.groovy:731)
	at com.jayway.restassured.internal.ResponseSpecificationImpl.this$2$validateResponseIfRequired(ResponseSpecificationImpl.groovy)
	at com.jayway.restassured.internal.ResponseSpecificationImpl$this$2$validateResponseIfRequired$1.callCurrent(Unknown Source)
	at com.jayway.restassured.internal.ResponseSpecificationImpl.content(ResponseSpecificationImpl.groovy:91)
	at com.jayway.restassured.specification.ResponseSpecification$content$0.callCurrent(Unknown Source)
	at com.jayway.restassured.internal.ResponseSpecificationImpl.body(ResponseSpecificationImpl.groovy:206)
	at com.jayway.restassured.internal.ValidatableResponseOptionsImpl.body(ValidatableResponseOptionsImpl.java:251)
	at health.med.MedTest.myTest(MedTest.java:64)
	at sun.reflect.NativeMethodAccessorImpl.invoke0(Native Method)
	at sun.reflect.NativeMethodAccessorImpl.invoke(Unknown Source)
	at sun.reflect.DelegatingMethodAccessorImpl.invoke(Unknown Source)
	at java.lang.reflect.Method.invoke(Unknown Source)
	at org.testng.internal.MethodInvocationHelper.invokeMethod(MethodInvocationHelper.java:84)
	at org.testng.internal.Invoker.invokeMethod(Invoker.java:714)
	at org.testng.internal.Invoker.invokeTestMethod(Invoker.java:901)
	at org.testng.internal.Invoker.invokeTestMethods(Invoker.java:1231)
	at org.testng.internal.TestMethodWorker.invokeTestMethods(TestMethodWorker.java:127)
	at org.testng.internal.TestMethodWorker.run(TestMethodWorker.java:111)
	at org.testng.TestRunner.privateRun(TestRunner.java:767)
	at org.testng.TestRunner.run(TestRunner.java:617)
	at org.testng.SuiteRunner.runTest(SuiteRunner.java:334)
	at org.testng.SuiteRunner.runSequentially(SuiteRunner.java:329)
	at org.testng.SuiteRunner.privateRun(SuiteRunner.java:291)
	at org.testng.SuiteRunner.run(SuiteRunner.java:240)
	at org.testng.SuiteRunnerWorker.runSuite(SuiteRunnerWorker.java:52)
	at org.testng.SuiteRunnerWorker.run(SuiteRunnerWorker.java:86)
	at org.testng.TestNG.runSuitesSequentially(TestNG.java:1224)
	at org.testng.TestNG.runSuitesLocally(TestNG.java:1149)
	at org.testng.TestNG.run(TestNG.java:1057)
	at org.testng.remote.RemoteTestNG.run(RemoteTestNG.java:111)
	at org.testng.remote.RemoteTestNG.initAndRun(RemoteTestNG.java:204)
	at org.testng.remote.RemoteTestNG.main(RemoteTestNG.java:175)
]]>
    </failure>
  </testcase> <!-- myTest -->
  <testcase name="myTest" time="0.176" classname="health.med.MedTest"/>
  <testcase name="myTest" time="0.818" classname="health.med.MedTest">
    <error type="java.lang.AssertionError" message="Expected: an XML document with XPath /question/explanation/para[5]/emphasis
  Actual: &lt;question contentItemName=&quot;m200004m&quot; contentItemId=&quot;127126&quot; version=&quot;80&quot; mediaPrefix=&quot;/content/media/26/127126.80.&quot;&gt;&lt;categoryRefs&gt;&lt;catRef-USMLESTEP1-discipline categoryName=&quot;embryology&quot; /&gt;&lt;catRef-USMLESTEP1-organsystem categoryName=&quot;nervous&quot; /&gt;&lt;catRef-USMLESTEP1-topic categoryName=&quot;Embryology.other&quot; /&gt;&lt;catRef-USMLESTEP1-task categoryName=&quot;nonclincal&quot; /&gt;&lt;catRef-MultMediaQuestion categoryName=&quot;no&quot; /&gt;&lt;catRef-EOC categoryName=&quot;true&quot; /&gt;&lt;catRef-MED-Highyield categoryName=&quot;no&quot; /&gt;&lt;catRef-MED-difficulty categoryName=&quot;harder&quot; /&gt;&lt;/categoryRefs&gt;&lt;stimulus&gt;&lt;para&gt;A researcher is studying the developmental origins of the arteries that
supply blood to the brain. The investigation involves injecting contrast media
into the hearts of fetal pigs and studying the arteries that develop in the
pharyngeal arches, because blood vessels that develop bilaterally in several
of these structures supply the circle of Willis. &lt;span name=&quot;questionStem&quot;&gt;Which
of the following pairs of pharyngeal arches gives rise to arteries that contribute
to the blood vessels in the circle of Willis? &lt;/span&gt;&lt;/para&gt;&lt;/stimulus&gt;&lt;answer-choice-set&gt;&lt;answer-choice&gt;Pharyngeal arches 1 and 2&lt;/answer-choice&gt;&lt;answer-choice&gt;Pharyngeal arches 2 and 3&lt;/answer-choice&gt;&lt;answer-choice correct=&quot;yes&quot;&gt;Pharyngeal arches 3 and 4&lt;/answer-choice&gt;&lt;answer-choice&gt;Pharyngeal arches 4 and 5&lt;/answer-choice&gt;&lt;answer-choice&gt;Pharyngeal arches 4 and 6&lt;/answer-choice&gt;&lt;/answer-choice-set&gt;&lt;explanation&gt;&lt;para&gt;&lt;emphasis emphasis-type=&quot;bold&quot;&gt;The correct answer is C.&lt;/emphasis&gt; Arch
3 gives rise to the internal carotid artery bilaterally, and arch 4 gives
rise to the arch of the aorta and the right subclavian artery. The internal
carotid arteries branch into the middle and anterior cerebral arteries that
form the anterior circulation. The subclavian arteries give rise to the vertebral
arteries that join to form the vertebrobasilar or posterior circulation. The
anterior and posterior circulations are linked by the posterior communicating
arteries to form the circle of Willis.&lt;/para&gt;&lt;para&gt;Pharyngeal arches 1 &lt;emphasis emphasis-type=&quot;bold&quot;&gt;(choice A)&lt;/emphasis&gt; and
2 &lt;emphasis emphasis-type=&quot;bold&quot;&gt;(choices A and B)&lt;/emphasis&gt; give rise to
the maxillary artery and the stapedial artery, respectively.&lt;/para&gt;&lt;para&gt;Arch 5 &lt;emphasis emphasis-type=&quot;bold&quot;&gt;(choice D)&lt;/emphasis&gt; degenerates
early in fetal development, and arch 6 &lt;emphasis emphasis-type=&quot;bold&quot;&gt;(choice
E)&lt;/emphasis&gt; gives rise to the pulmonary arteries and to the ductus arteriosus.&lt;/para&gt;&lt;para&gt;&lt;emphasis emphasis-type=&quot;italic&quot;&gt;Reviewed on 05/25/15&lt;/emphasis&gt;&lt;/para&gt;&lt;/explanation&gt;&lt;remediation&gt;&lt;firstaid&gt;&lt;para&gt;&lt;emphasis emphasis-type=&quot;italic&quot;&gt;MedEssentials (4th Ed.):&lt;/emphasis&gt; pp.
428&lt;/para&gt;&lt;para&gt;&lt;emphasis emphasis-type=&quot;italic&quot;&gt;First Aid (2015):&lt;/emphasis&gt; pp.
565.1&lt;/para&gt;&lt;para&gt;&lt;emphasis emphasis-type=&quot;italic&quot;&gt;First Aid (2014):&lt;/emphasis&gt; pp.
559.1&lt;/para&gt;&lt;para&gt;&lt;emphasis emphasis-type=&quot;italic&quot;&gt;First Aid (2013):&lt;/emphasis&gt; pp.
510.1&lt;/para&gt;&lt;/firstaid&gt;&lt;list&gt;&lt;listItem&gt;Pharyngeal arch 3 gives rise to the internal carotid arteries, which
form the anterior circulation (middle and anterior cerebral arteries) of the
circle of Willis. &lt;/listItem&gt;&lt;listItem&gt;Pharyngeal arch 4 gives rise to the subclavian arteries, which form
the posterior circulation (vertebral arteries) of the circle of Willis.&lt;/listItem&gt;&lt;/list&gt;&lt;/remediation&gt;&lt;tab name=&quot;teaching&quot; title=&quot;Teaching&quot;&gt;&lt;flashMediaObject fileName=&quot;m200004.mp4&quot; width=&quot;600&quot; height=&quot;482&quot; /&gt;&lt;/tab&gt;&lt;medEssentials&gt;&lt;graphic graphic-ref=&quot;medEssentials_3E_428.png&quot; width=&quot;684&quot; height=&quot;836&quot; /&gt;&lt;/medEssentials&gt;&lt;/question&gt;
">
      <![CDATA[java.lang.AssertionError: Expected: an XML document with XPath /question/explanation/para[5]/emphasis
  Actual: <question contentItemName="m200004m" contentItemId="127126" version="80" mediaPrefix="/content/media/26/127126.80."><categoryRefs><catRef-USMLESTEP1-discipline categoryName="embryology" /><catRef-USMLESTEP1-organsystem categoryName="nervous" /><catRef-USMLESTEP1-topic categoryName="Embryology.other" /><catRef-USMLESTEP1-task categoryName="nonclincal" /><catRef-MultMediaQuestion categoryName="no" /><catRef-EOC categoryName="true" /><catRef-MED-Highyield categoryName="no" /><catRef-MED-difficulty categoryName="harder" /></categoryRefs><stimulus><para>A researcher is studying the developmental origins of the arteries that
supply blood to the brain. The investigation involves injecting contrast media
into the hearts of fetal pigs and studying the arteries that develop in the
pharyngeal arches, because blood vessels that develop bilaterally in several
of these structures supply the circle of Willis. <span name="questionStem">Which
of the following pairs of pharyngeal arches gives rise to arteries that contribute
to the blood vessels in the circle of Willis? </span></para></stimulus><answer-choice-set><answer-choice>Pharyngeal arches 1 and 2</answer-choice><answer-choice>Pharyngeal arches 2 and 3</answer-choice><answer-choice correct="yes">Pharyngeal arches 3 and 4</answer-choice><answer-choice>Pharyngeal arches 4 and 5</answer-choice><answer-choice>Pharyngeal arches 4 and 6</answer-choice></answer-choice-set><explanation><para><emphasis emphasis-type="bold">The correct answer is C.</emphasis> Arch
3 gives rise to the internal carotid artery bilaterally, and arch 4 gives
rise to the arch of the aorta and the right subclavian artery. The internal
carotid arteries branch into the middle and anterior cerebral arteries that
form the anterior circulation. The subclavian arteries give rise to the vertebral
arteries that join to form the vertebrobasilar or posterior circulation. The
anterior and posterior circulations are linked by the posterior communicating
arteries to form the circle of Willis.</para><para>Pharyngeal arches 1 <emphasis emphasis-type="bold">(choice A)</emphasis> and
2 <emphasis emphasis-type="bold">(choices A and B)</emphasis> give rise to
the maxillary artery and the stapedial artery, respectively.</para><para>Arch 5 <emphasis emphasis-type="bold">(choice D)</emphasis> degenerates
early in fetal development, and arch 6 <emphasis emphasis-type="bold">(choice
E)</emphasis> gives rise to the pulmonary arteries and to the ductus arteriosus.</para><para><emphasis emphasis-type="italic">Reviewed on 05/25/15</emphasis></para></explanation><remediation><firstaid><para><emphasis emphasis-type="italic">MedEssentials (4th Ed.):</emphasis> pp.
428</para><para><emphasis emphasis-type="italic">First Aid (2015):</emphasis> pp.
565.1</para><para><emphasis emphasis-type="italic">First Aid (2014):</emphasis> pp.
559.1</para><para><emphasis emphasis-type="italic">First Aid (2013):</emphasis> pp.
510.1</para></firstaid><list><listItem>Pharyngeal arch 3 gives rise to the internal carotid arteries, which
form the anterior circulation (middle and anterior cerebral arteries) of the
circle of Willis. </listItem><listItem>Pharyngeal arch 4 gives rise to the subclavian arteries, which form
the posterior circulation (vertebral arteries) of the circle of Willis.</listItem></list></remediation><tab name="teaching" title="Teaching"><flashMediaObject fileName="m200004.mp4" width="600" height="482" /></tab><medEssentials><graphic graphic-ref="medEssentials_3E_428.png" width="684" height="836" /></medEssentials></question>

	at sun.reflect.NativeConstructorAccessorImpl.newInstance0(Native Method)
	at sun.reflect.NativeConstructorAccessorImpl.newInstance(Unknown Source)
	at sun.reflect.DelegatingConstructorAccessorImpl.newInstance(Unknown Source)
	at java.lang.reflect.Constructor.newInstance(Unknown Source)
	at org.codehaus.groovy.reflection.CachedConstructor.invoke(CachedConstructor.java:77)
	at org.codehaus.groovy.runtime.callsite.ConstructorSite$ConstructorSiteNoUnwrapNoCoerce.callConstructor(ConstructorSite.java:102)
	at org.codehaus.groovy.runtime.callsite.CallSiteArray.defaultCallConstructor(CallSiteArray.java:57)
	at org.codehaus.groovy.runtime.callsite.AbstractCallSite.callConstructor(AbstractCallSite.java:182)
	at org.codehaus.groovy.runtime.callsite.AbstractCallSite.callConstructor(AbstractCallSite.java:190)
	at com.jayway.restassured.internal.ResponseSpecificationImpl$HamcrestAssertionClosure.validate(ResponseSpecificationImpl.groovy:572)
	at com.jayway.restassured.internal.ResponseSpecificationImpl$HamcrestAssertionClosure$validate$1.call(Unknown Source)
	at org.codehaus.groovy.runtime.callsite.CallSiteArray.defaultCall(CallSiteArray.java:45)
	at org.codehaus.groovy.runtime.callsite.AbstractCallSite.call(AbstractCallSite.java:108)
	at org.codehaus.groovy.runtime.callsite.AbstractCallSite.call(AbstractCallSite.java:116)
	at com.jayway.restassured.internal.ResponseSpecificationImpl.validateResponseIfRequired(ResponseSpecificationImpl.groovy:731)
	at com.jayway.restassured.internal.ResponseSpecificationImpl.this$2$validateResponseIfRequired(ResponseSpecificationImpl.groovy)
	at com.jayway.restassured.internal.ResponseSpecificationImpl$this$2$validateResponseIfRequired$1.callCurrent(Unknown Source)
	at org.codehaus.groovy.runtime.callsite.CallSiteArray.defaultCallCurrent(CallSiteArray.java:49)
	at org.codehaus.groovy.runtime.callsite.AbstractCallSite.callCurrent(AbstractCallSite.java:133)
	at org.codehaus.groovy.runtime.callsite.AbstractCallSite.callCurrent(AbstractCallSite.java:141)
	at com.jayway.restassured.internal.ResponseSpecificationImpl.content(ResponseSpecificationImpl.groovy:91)
	at com.jayway.restassured.specification.ResponseSpecification$content$0.callCurrent(Unknown Source)
	at org.codehaus.groovy.runtime.callsite.CallSiteArray.defaultCallCurrent(CallSiteArray.java:49)
	at org.codehaus.groovy.runtime.callsite.AbstractCallSite.callCurrent(AbstractCallSite.java:133)
	at org.codehaus.groovy.runtime.callsite.AbstractCallSite.callCurrent(AbstractCallSite.java:145)
	at com.jayway.restassured.internal.ResponseSpecificationImpl.body(ResponseSpecificationImpl.groovy:206)
	at com.jayway.restassured.internal.ValidatableResponseOptionsImpl.body(ValidatableResponseOptionsImpl.java:251)
	at health.med.MedTest.myTest(MedTest.java:64)
	at sun.reflect.NativeMethodAccessorImpl.invoke0(Native Method)
	at sun.reflect.NativeMethodAccessorImpl.invoke(Unknown Source)
	at sun.reflect.DelegatingMethodAccessorImpl.invoke(Unknown Source)
	at java.lang.reflect.Method.invoke(Unknown Source)
	at org.testng.internal.MethodInvocationHelper.invokeMethod(MethodInvocationHelper.java:84)
	at org.testng.internal.Invoker.invokeMethod(Invoker.java:714)
	at org.testng.internal.Invoker.invokeTestMethod(Invoker.java:901)
	at org.testng.internal.Invoker.invokeTestMethods(Invoker.java:1231)
	at org.testng.internal.TestMethodWorker.invokeTestMethods(TestMethodWorker.java:127)
	at org.testng.internal.TestMethodWorker.run(TestMethodWorker.java:111)
	at org.testng.TestRunner.privateRun(TestRunner.java:767)
	at org.testng.TestRunner.run(TestRunner.java:617)
	at org.testng.SuiteRunner.runTest(SuiteRunner.java:334)
	at org.testng.SuiteRunner.runSequentially(SuiteRunner.java:329)
	at org.testng.SuiteRunner.privateRun(SuiteRunner.java:291)
	at org.testng.SuiteRunner.run(SuiteRunner.java:240)
	at org.testng.SuiteRunnerWorker.runSuite(SuiteRunnerWorker.java:52)
	at org.testng.SuiteRunnerWorker.run(SuiteRunnerWorker.java:86)
	at org.testng.TestNG.runSuitesSequentially(TestNG.java:1224)
	at org.testng.TestNG.runSuitesLocally(TestNG.java:1149)
	at org.testng.TestNG.run(TestNG.java:1057)
	at org.testng.remote.RemoteTestNG.run(RemoteTestNG.java:111)
	at org.testng.remote.RemoteTestNG.initAndRun(RemoteTestNG.java:204)
	at org.testng.remote.RemoteTestNG.main(RemoteTestNG.java:175)
]]>
    </error>
  </testcase> <!-- myTest -->
  <testcase name="myTest" time="0.168" classname="health.med.MedTest"/>
  <testcase name="myTest" time="0.179" classname="health.med.MedTest"/>
  <testcase name="myTest" time="0.182" classname="health.med.MedTest"/>
  <testcase name="myTest" time="0.227" classname="health.med.MedTest"/>
  <testcase name="myTest" time="0.174" classname="health.med.MedTest"/>
  <testcase name="myTest" time="0.002" classname="health.med.MedTest"/>
  <testcase name="myTest" time="0.184" classname="health.med.MedTest">
    <error type="java.lang.AssertionError" message="Expected: an XML document with XPath /question/explanation/para[5]/emphasis
  Actual: &lt;question contentItemName=&quot;OL863&quot; selectable=&quot;yes&quot; contentItemId=&quot;41090&quot; version=&quot;125&quot; mediaPrefix=&quot;/content/media/90/41090.125.&quot;&gt;&lt;categoryRefs&gt;&lt;catRef-USMLESTEP1-discipline categoryName=&quot;pathophysiology&quot; /&gt;&lt;catRef-USMLESTEP1-organsystem categoryName=&quot;respiratory&quot; /&gt;&lt;catRef-USMLESTEP1-topic categoryName=&quot;Pathophysiology.other&quot; /&gt;&lt;catRef-USMLESTEP1-task categoryName=&quot;clinical&quot; /&gt;&lt;catRef-MultMediaQuestion categoryName=&quot;no&quot; /&gt;&lt;catRef-MED-Highyield categoryName=&quot;yes&quot; /&gt;&lt;catRef-MED-difficulty categoryName=&quot;harder&quot; /&gt;&lt;/categoryRefs&gt;&lt;stimulus&gt;&lt;para&gt;&lt;graphic graphic-ref=&quot;ol863.jpg&quot; width=&quot;403&quot; height=&quot;224&quot; /&gt;&lt;/para&gt;&lt;para&gt;The graph shows spirographic tracings of forced expirations from two
different individuals. Trace &lt;emphasis emphasis-type=&quot;italic&quot;&gt;X&lt;/emphasis&gt; was
obtained from an individual with healthy lungs.&lt;span name=&quot;questionStem&quot;&gt; Trace &lt;emphasis emphasis-type=&quot;italic&quot;&gt;Y&lt;/emphasis&gt; was most likely obtained from an individual
with which of the following conditions? &lt;/span&gt;&lt;/para&gt;&lt;/stimulus&gt;&lt;answer-choice-set&gt;&lt;answer-choice&gt;Asthma &lt;/answer-choice&gt;&lt;answer-choice&gt;Bronchospasm &lt;/answer-choice&gt;&lt;answer-choice&gt;Emphysema &lt;/answer-choice&gt;&lt;answer-choice correct=&quot;yes&quot;&gt;Interstitial fibrosis &lt;/answer-choice&gt;&lt;answer-choice&gt;Old age &lt;/answer-choice&gt;&lt;/answer-choice-set&gt;&lt;explanation&gt;&lt;para&gt;&lt;emphasis emphasis-type=&quot;bold&quot;&gt;The correct answer is D.&lt;/emphasis&gt; A
forced expiration is the simplest test of lung function. The individual breathes
in as much air as the lungs can hold and then expels the air as rapidly and
as far as possible. The forced vital capacity (FVC) is the vital capacity
measured with a forced expiration (FVC = 3 L for patient Y). The forced expiratory
volume in 1 second (FEV&lt;subscript&gt;1&lt;/subscript&gt;) is the amount of air that
can be expelled from the lungs during the first second of a forced expiration
(FEV&lt;subscript&gt;1&lt;/subscript&gt; = 2.7 L for patient Y). The FEV&lt;subscript&gt;1&lt;/subscript&gt;/FVC
ratio has diagnostic value for differentiating between normal, obstructive,
and restrictive patterns of a forced expiration. The FEV&lt;subscript&gt;1&lt;/subscript&gt;/FVC
ratio for the healthy individual (patient X) is 4 L/5 L = 80%, and the FEV&lt;subscript&gt;1&lt;/subscript&gt;/FVC
ratio for patient Y is 2.7/3.0 = 90%. &lt;/para&gt;&lt;para&gt;FEV&lt;subscript&gt;1&lt;/subscript&gt;/FVC ratio is a function of airway resistance.
Increases in airway resistance associated with asthma &lt;emphasis emphasis-type=&quot;bold&quot;&gt;(choice
A)&lt;/emphasis&gt;, bronchospasm &lt;emphasis emphasis-type=&quot;bold&quot;&gt;(choice B)&lt;/emphasis&gt;,
emphysema &lt;emphasis emphasis-type=&quot;bold&quot;&gt;(choice C)&lt;/emphasis&gt;, and old age &lt;emphasis emphasis-type=&quot;bold&quot;&gt;(choice E)&lt;/emphasis&gt; tend to decrease the FEV&lt;subscript&gt;1&lt;/subscript&gt;/FVC
ratio below its typical normal value of 80%. FEV&lt;subscript&gt;1&lt;/subscript&gt;/FVC
ratio is often increased with interstitial fibrosis because of increased radial
traction of the airways (i.e., the airways are held open to a greater extent
at any given lung volume, reducing their resistance to airflow). The increase
in elastic recoil also makes it difficult to breathe deeply, which decreases
FVC. This combination of decreased FVC with normal or slightly increased FEV&lt;subscript&gt;1&lt;/subscript&gt;/FVC
ratio is characteristic of fibrotic lung disease. &lt;/para&gt;&lt;para&gt;&lt;emphasis emphasis-type=&quot;italic&quot;&gt;Reviewed on 05/28/15&lt;/emphasis&gt;&lt;/para&gt;&lt;/explanation&gt;&lt;remediation&gt;&lt;firstaid&gt;&lt;para&gt;&lt;emphasis emphasis-type=&quot;italic&quot;&gt;MedEssentials (4th Ed.):&lt;/emphasis&gt; pp.
281&lt;/para&gt;&lt;para&gt;&lt;emphasis emphasis-type=&quot;italic&quot;&gt;First Aid (2015):&lt;/emphasis&gt; pp.
611.2&lt;/para&gt;&lt;para&gt;&lt;emphasis emphasis-type=&quot;italic&quot;&gt;First Aid (2014):&lt;/emphasis&gt; pp.
607.2&lt;/para&gt;&lt;para&gt;&lt;emphasis emphasis-type=&quot;italic&quot;&gt;First Aid (2013):&lt;/emphasis&gt; pp.
556.2&lt;/para&gt;&lt;para&gt;&lt;emphasis emphasis-type=&quot;italic&quot;&gt;Pathoma (2014):&lt;/emphasis&gt; pp.
92.2&lt;/para&gt;&lt;para&gt;&lt;emphasis emphasis-type=&quot;italic&quot;&gt;Pathoma (2013):&lt;/emphasis&gt; pp.
92.2&lt;/para&gt;&lt;/firstaid&gt;&lt;list prefix=&quot;bullet&quot;&gt;&lt;listItem&gt;Increased FEV&lt;subscript&gt;1&lt;/subscript&gt;/FVC suggests fibrotic lung
disease. &lt;/listItem&gt;&lt;listItem&gt;Decreased FEV&lt;subscript&gt;1&lt;/subscript&gt;/FVC can be seen in asthma,
bronchospasm, emphysema, and old age. &lt;/listItem&gt;&lt;/list&gt;&lt;/remediation&gt;&lt;medEssentials&gt;&lt;graphic graphic-ref=&quot;medEssentials_3E_281.png&quot; width=&quot;684&quot; height=&quot;507&quot; /&gt;&lt;/medEssentials&gt;&lt;/question&gt;
">
      <![CDATA[java.lang.AssertionError: Expected: an XML document with XPath /question/explanation/para[5]/emphasis
  Actual: <question contentItemName="OL863" selectable="yes" contentItemId="41090" version="125" mediaPrefix="/content/media/90/41090.125."><categoryRefs><catRef-USMLESTEP1-discipline categoryName="pathophysiology" /><catRef-USMLESTEP1-organsystem categoryName="respiratory" /><catRef-USMLESTEP1-topic categoryName="Pathophysiology.other" /><catRef-USMLESTEP1-task categoryName="clinical" /><catRef-MultMediaQuestion categoryName="no" /><catRef-MED-Highyield categoryName="yes" /><catRef-MED-difficulty categoryName="harder" /></categoryRefs><stimulus><para><graphic graphic-ref="ol863.jpg" width="403" height="224" /></para><para>The graph shows spirographic tracings of forced expirations from two
different individuals. Trace <emphasis emphasis-type="italic">X</emphasis> was
obtained from an individual with healthy lungs.<span name="questionStem"> Trace <emphasis emphasis-type="italic">Y</emphasis> was most likely obtained from an individual
with which of the following conditions? </span></para></stimulus><answer-choice-set><answer-choice>Asthma </answer-choice><answer-choice>Bronchospasm </answer-choice><answer-choice>Emphysema </answer-choice><answer-choice correct="yes">Interstitial fibrosis </answer-choice><answer-choice>Old age </answer-choice></answer-choice-set><explanation><para><emphasis emphasis-type="bold">The correct answer is D.</emphasis> A
forced expiration is the simplest test of lung function. The individual breathes
in as much air as the lungs can hold and then expels the air as rapidly and
as far as possible. The forced vital capacity (FVC) is the vital capacity
measured with a forced expiration (FVC = 3 L for patient Y). The forced expiratory
volume in 1 second (FEV<subscript>1</subscript>) is the amount of air that
can be expelled from the lungs during the first second of a forced expiration
(FEV<subscript>1</subscript> = 2.7 L for patient Y). The FEV<subscript>1</subscript>/FVC
ratio has diagnostic value for differentiating between normal, obstructive,
and restrictive patterns of a forced expiration. The FEV<subscript>1</subscript>/FVC
ratio for the healthy individual (patient X) is 4 L/5 L = 80%, and the FEV<subscript>1</subscript>/FVC
ratio for patient Y is 2.7/3.0 = 90%. </para><para>FEV<subscript>1</subscript>/FVC ratio is a function of airway resistance.
Increases in airway resistance associated with asthma <emphasis emphasis-type="bold">(choice
A)</emphasis>, bronchospasm <emphasis emphasis-type="bold">(choice B)</emphasis>,
emphysema <emphasis emphasis-type="bold">(choice C)</emphasis>, and old age <emphasis emphasis-type="bold">(choice E)</emphasis> tend to decrease the FEV<subscript>1</subscript>/FVC
ratio below its typical normal value of 80%. FEV<subscript>1</subscript>/FVC
ratio is often increased with interstitial fibrosis because of increased radial
traction of the airways (i.e., the airways are held open to a greater extent
at any given lung volume, reducing their resistance to airflow). The increase
in elastic recoil also makes it difficult to breathe deeply, which decreases
FVC. This combination of decreased FVC with normal or slightly increased FEV<subscript>1</subscript>/FVC
ratio is characteristic of fibrotic lung disease. </para><para><emphasis emphasis-type="italic">Reviewed on 05/28/15</emphasis></para></explanation><remediation><firstaid><para><emphasis emphasis-type="italic">MedEssentials (4th Ed.):</emphasis> pp.
281</para><para><emphasis emphasis-type="italic">First Aid (2015):</emphasis> pp.
611.2</para><para><emphasis emphasis-type="italic">First Aid (2014):</emphasis> pp.
607.2</para><para><emphasis emphasis-type="italic">First Aid (2013):</emphasis> pp.
556.2</para><para><emphasis emphasis-type="italic">Pathoma (2014):</emphasis> pp.
92.2</para><para><emphasis emphasis-type="italic">Pathoma (2013):</emphasis> pp.
92.2</para></firstaid><list prefix="bullet"><listItem>Increased FEV<subscript>1</subscript>/FVC suggests fibrotic lung
disease. </listItem><listItem>Decreased FEV<subscript>1</subscript>/FVC can be seen in asthma,
bronchospasm, emphysema, and old age. </listItem></list></remediation><medEssentials><graphic graphic-ref="medEssentials_3E_281.png" width="684" height="507" /></medEssentials></question>

	at sun.reflect.NativeConstructorAccessorImpl.newInstance0(Native Method)
	at sun.reflect.NativeConstructorAccessorImpl.newInstance(Unknown Source)
	at sun.reflect.DelegatingConstructorAccessorImpl.newInstance(Unknown Source)
	at java.lang.reflect.Constructor.newInstance(Unknown Source)
	at org.codehaus.groovy.reflection.CachedConstructor.invoke(CachedConstructor.java:77)
	at org.codehaus.groovy.runtime.callsite.ConstructorSite$ConstructorSiteNoUnwrapNoCoerce.callConstructor(ConstructorSite.java:102)
	at org.codehaus.groovy.runtime.callsite.AbstractCallSite.callConstructor(AbstractCallSite.java:190)
	at com.jayway.restassured.internal.ResponseSpecificationImpl$HamcrestAssertionClosure.validate(ResponseSpecificationImpl.groovy:572)
	at com.jayway.restassured.internal.ResponseSpecificationImpl$HamcrestAssertionClosure$validate$1.call(Unknown Source)
	at com.jayway.restassured.internal.ResponseSpecificationImpl.validateResponseIfRequired(ResponseSpecificationImpl.groovy:731)
	at com.jayway.restassured.internal.ResponseSpecificationImpl.this$2$validateResponseIfRequired(ResponseSpecificationImpl.groovy)
	at com.jayway.restassured.internal.ResponseSpecificationImpl$this$2$validateResponseIfRequired$1.callCurrent(Unknown Source)
	at com.jayway.restassured.internal.ResponseSpecificationImpl.content(ResponseSpecificationImpl.groovy:91)
	at com.jayway.restassured.specification.ResponseSpecification$content$0.callCurrent(Unknown Source)
	at com.jayway.restassured.internal.ResponseSpecificationImpl.body(ResponseSpecificationImpl.groovy:206)
	at com.jayway.restassured.internal.ValidatableResponseOptionsImpl.body(ValidatableResponseOptionsImpl.java:251)
	at health.med.MedTest.myTest(MedTest.java:64)
	at sun.reflect.GeneratedMethodAccessor118.invoke(Unknown Source)
	at sun.reflect.DelegatingMethodAccessorImpl.invoke(Unknown Source)
	at java.lang.reflect.Method.invoke(Unknown Source)
	at org.testng.internal.MethodInvocationHelper.invokeMethod(MethodInvocationHelper.java:84)
	at org.testng.internal.Invoker.invokeMethod(Invoker.java:714)
	at org.testng.internal.Invoker.invokeTestMethod(Invoker.java:901)
	at org.testng.internal.Invoker.invokeTestMethods(Invoker.java:1231)
	at org.testng.internal.TestMethodWorker.invokeTestMethods(TestMethodWorker.java:127)
	at org.testng.internal.TestMethodWorker.run(TestMethodWorker.java:111)
	at org.testng.TestRunner.privateRun(TestRunner.java:767)
	at org.testng.TestRunner.run(TestRunner.java:617)
	at org.testng.SuiteRunner.runTest(SuiteRunner.java:334)
	at org.testng.SuiteRunner.runSequentially(SuiteRunner.java:329)
	at org.testng.SuiteRunner.privateRun(SuiteRunner.java:291)
	at org.testng.SuiteRunner.run(SuiteRunner.java:240)
	at org.testng.SuiteRunnerWorker.runSuite(SuiteRunnerWorker.java:52)
	at org.testng.SuiteRunnerWorker.run(SuiteRunnerWorker.java:86)
	at org.testng.TestNG.runSuitesSequentially(TestNG.java:1224)
	at org.testng.TestNG.runSuitesLocally(TestNG.java:1149)
	at org.testng.TestNG.run(TestNG.java:1057)
	at org.testng.remote.RemoteTestNG.run(RemoteTestNG.java:111)
	at org.testng.remote.RemoteTestNG.initAndRun(RemoteTestNG.java:204)
	at org.testng.remote.RemoteTestNG.main(RemoteTestNG.java:175)
]]>
    </error>
  </testcase> <!-- myTest -->
  <testcase name="myTest" time="0.001" classname="health.med.MedTest"/>
  <testcase name="myTest" time="0.002" classname="health.med.MedTest"/>
  <testcase name="myTest" time="0.171" classname="health.med.MedTest"/>
  <testcase name="myTest" time="0.178" classname="health.med.MedTest">
    <error type="java.lang.AssertionError" message="Expected: an XML document with XPath /question/explanation/para[5]/emphasis
  Actual: &lt;question contentItemName=&quot;m200398&quot; contentItemId=&quot;105450&quot; version=&quot;88&quot; mediaPrefix=&quot;/content/media/50/105450.88.&quot;&gt;&lt;categoryRefs&gt;&lt;catRef-USMLESTEP1-discipline categoryName=&quot;pharmacology&quot; /&gt;&lt;catRef-USMLESTEP1-organsystem categoryName=&quot;renal.and.urinary&quot; /&gt;&lt;catRef-USMLESTEP1-topic categoryName=&quot;misc.Pharmacology&quot; /&gt;&lt;catRef-USMLESTEP1-task categoryName=&quot;graphic.tab&quot; /&gt;&lt;catRef-MultMediaQuestion categoryName=&quot;no&quot; /&gt;&lt;catRef-MED-Highyield categoryName=&quot;no&quot; /&gt;&lt;catRef-MED-difficulty categoryName=&quot;harder&quot; /&gt;&lt;/categoryRefs&gt;&lt;stimulus&gt;&lt;para&gt;&lt;graphic graphic-ref=&quot;m200398g01.jpg&quot; width=&quot;416&quot; height=&quot;220&quot; /&gt;&lt;/para&gt;&lt;para&gt;The graph shows the relationship between NaCl delivery to the macula
densa and resistance in the afferent arteriole.&lt;span name=&quot;questionStem&quot;&gt; Based
on the data, which of the following diuretics will most likely result in afferent
arteriole vasoconstriction? &lt;/span&gt;&lt;/para&gt;&lt;/stimulus&gt;&lt;answer-choice-set&gt;&lt;answer-choice correct=&quot;yes&quot;&gt;Acetazolamide&lt;/answer-choice&gt;&lt;answer-choice&gt;Amiloride&lt;/answer-choice&gt;&lt;answer-choice&gt;Furosemide&lt;/answer-choice&gt;&lt;answer-choice&gt;Hydrochlorothiazide&lt;/answer-choice&gt;&lt;answer-choice&gt;Spironolactone&lt;/answer-choice&gt;&lt;/answer-choice-set&gt;&lt;explanation&gt;&lt;para&gt;&lt;emphasis emphasis-type=&quot;bold&quot;&gt;The correct answer is A.  &lt;/emphasis&gt;Acetazolamide
is the only diuretic that acts primarily upstream of the macula densa without
decreasing NaCl transport into macula densa cells. As a result of blocking
carbonic anhydrase in the proximal tubule, acetazolamide causes an osmotic
diuresis that increases the delivery of NaCl to the macula densa. The macula
densa detects the transport of sodium chloride in the tubular cell, and is
the signal for tubuloglomerular feedback, the control of the afferent arteriole
by macula densa detection of NaCl. Since only the sodium chloride that enters
the macula densa cell will be detected, actetazolamide will increase the signal
that causes afferent constriction.  If the tubular load of sodium increases
and early distal tubule transport mechanisms are intact, then the increased
tubular load of sodium will decrease renin secretion (which will mainly dilate
the efferent arteriole, to reduce GFR) and, at the same time, constrict the
afferent arteriole through tubuloglomerula feedback. This happens with acetazolamide
treatment. Through tubuloglomerular feedback, the afferent arteriole constricts,
increasing the resistance. All of the other diuretics act at the macula densa
or downstream. Therefore, either they would not increase delivery of NaCl
or would reduce NaCl transport there, even though NaCl tubular load would
be increased. Increased NaCl transport is the most commonly described mechanism
for the constriction of afferent arterioles with increased tubular load of
sodium.&lt;/para&gt;&lt;para /&gt;&lt;para&gt;&lt;graphic graphic-ref=&quot;PHARM_III-6-2_Q_m200398.png&quot; /&gt;&lt;/para&gt;&lt;para /&gt;&lt;para&gt;Carbonic anhydrase inhibitors, such as acetazolamide, inhibit both the
membrane-bound and cytoplasmic forms of carbonic anhydrase. This results in
a decrease of NaHCO&lt;subscript&gt;3&lt;/subscript&gt; reabsorption in the proximal tubule.
Inhibition of carbonic anhydrase is also associated with a rapid increase
in urinary HCO&lt;subscript&gt;3&lt;/subscript&gt;&lt;superscript&gt;-&lt;/superscript&gt; excretion,
which results in a urinary pH of approximately 8 and development of a metabolic
acidosis.&lt;/para&gt;&lt;para&gt;Amiloride&lt;emphasis emphasis-type=&quot;bold&quot;&gt; (choice B)&lt;/emphasis&gt; blocks
the epithelial sodium channel (ENaC) in the collecting duct and is a K&lt;superscript&gt;+ &lt;/superscript&gt;-sparing
diuretic.&lt;/para&gt;&lt;para&gt;Furosemide &lt;emphasis emphasis-type=&quot;bold&quot;&gt;(choice C)&lt;/emphasis&gt;, a loop
diuretic, inhibits the NKCC triple transporter in the thick ascending limb. This
transporter is also present  in macula densa cells. With furosemide, the tubular
load of NaCl at the macula densa increases, but as a result of furosemide&lt;entity&gt;rsquo&lt;/entity&gt;s
effect on macula densa  transport, the increased tubular load of sodium is
not detected; in fact, the macula densa responds to the decreased transport
as if there were a reduction of tubular sodium. Because the transport of sodium
within the distal tubular cell is decreased by the drug, it responds as if
tubular load of sodium is decreased; this provokes increased secretion of
renin, which constricts the efferent arteriole and increases GFR. &lt;/para&gt;&lt;para&gt;Hydrochlorothiazide &lt;emphasis emphasis-type=&quot;bold&quot;&gt;(choice D) &lt;/emphasis&gt;inhibits
the sodium chloride cotransporter in the distal tubule, and has the same effect
as furosemide on the ability to detect tubular load of sodium. In fact, both
loop and thiazide diuretics can provoke sufficient increase in plasma renin
activity and angiotensin II to elicit increased total peripheral resistance;
this has been reported to transiently reduce the antihypertensive benefit
of these drugs.  &lt;/para&gt;&lt;para&gt;Spironolactone &lt;emphasis emphasis-type=&quot;bold&quot;&gt;(choice E)&lt;/emphasis&gt; is
a mineralocorticoid receptor antagonist in the collecting duct and is considered
a K&lt;superscript&gt;+&lt;/superscript&gt;-sparing diuretic; therefore, it does not have
a major effect of NaCl transport in the macula densa.&lt;/para&gt;&lt;para&gt;&lt;emphasis emphasis-type=&quot;italic&quot;&gt;Reviewed on 05/26/15&lt;/emphasis&gt;&lt;/para&gt;&lt;/explanation&gt;&lt;remediation&gt;&lt;firstaid&gt;&lt;para&gt;&lt;emphasis emphasis-type=&quot;italic&quot;&gt;MedEssentials (4th Ed.):&lt;/emphasis&gt; pp.
326, 513&lt;/para&gt;&lt;para&gt;&lt;emphasis emphasis-type=&quot;italic&quot;&gt;First Aid (2015):&lt;/emphasis&gt; pp.
553.2&lt;/para&gt;&lt;para&gt;&lt;emphasis emphasis-type=&quot;italic&quot;&gt;First Aid (2014):&lt;/emphasis&gt; pp.
547.2&lt;/para&gt;&lt;para&gt;&lt;emphasis emphasis-type=&quot;italic&quot;&gt;First Aid (2013):&lt;/emphasis&gt; pp.
500.2&lt;/para&gt;&lt;/firstaid&gt;&lt;list&gt;&lt;listItem&gt;Acetazolamide causes osmotic diuresis as it blocks carbonic anhydrase.&lt;/listItem&gt;&lt;listItem&gt;This diuresis leads to increased delivery of sodium to the macula
densa.&lt;/listItem&gt;&lt;listItem&gt;The increase in Na&lt;superscript&gt;+&lt;/superscript&gt; through tubuloglomerular
feedback constricts the afferent arterioles. &lt;/listItem&gt;&lt;/list&gt;&lt;/remediation&gt;&lt;medEssentials&gt;&lt;graphic graphic-ref=&quot;medEssentials_3E_326.png&quot; width=&quot;684&quot; height=&quot;694&quot; /&gt;&lt;/medEssentials&gt;&lt;/question&gt;
">
      <![CDATA[java.lang.AssertionError: Expected: an XML document with XPath /question/explanation/para[5]/emphasis
  Actual: <question contentItemName="m200398" contentItemId="105450" version="88" mediaPrefix="/content/media/50/105450.88."><categoryRefs><catRef-USMLESTEP1-discipline categoryName="pharmacology" /><catRef-USMLESTEP1-organsystem categoryName="renal.and.urinary" /><catRef-USMLESTEP1-topic categoryName="misc.Pharmacology" /><catRef-USMLESTEP1-task categoryName="graphic.tab" /><catRef-MultMediaQuestion categoryName="no" /><catRef-MED-Highyield categoryName="no" /><catRef-MED-difficulty categoryName="harder" /></categoryRefs><stimulus><para><graphic graphic-ref="m200398g01.jpg" width="416" height="220" /></para><para>The graph shows the relationship between NaCl delivery to the macula
densa and resistance in the afferent arteriole.<span name="questionStem"> Based
on the data, which of the following diuretics will most likely result in afferent
[...]
	at org.testng.internal.MethodInvocationHelper.invokeMethod(MethodInvocationHelper.java:84)
	at org.testng.internal.Invoker.invokeMethod(Invoker.java:714)
	at org.testng.internal.Invoker.invokeTestMethod(Invoker.java:901)
	at org.testng.internal.Invoker.invokeTestMethods(Invoker.java:1231)
	at org.testng.internal.TestMethodWorker.invokeTestMethods(TestMethodWorker.java:127)
	at org.testng.internal.TestMethodWorker.run(TestMethodWorker.java:111)
	at org.testng.TestRunner.privateRun(TestRunner.java:767)
	at org.testng.TestRunner.run(TestRunner.java:617)
	at org.testng.SuiteRunner.runTest(SuiteRunner.java:334)
	at org.testng.SuiteRunner.runSequentially(SuiteRunner.java:329)
	at org.testng.SuiteRunner.privateRun(SuiteRunner.java:291)
	at org.testng.SuiteRunner.run(SuiteRunner.java:240)
	at org.testng.SuiteRunnerWorker.runSuite(SuiteRunnerWorker.java:52)
	at org.testng.SuiteRunnerWorker.run(SuiteRunnerWorker.java:86)
	at org.testng.TestNG.runSuitesSequentially(TestNG.java:1224)
	at org.testng.TestNG.runSuitesLocally(TestNG.java:1149)
	at org.testng.TestNG.run(TestNG.java:1057)
	at org.testng.remote.RemoteTestNG.run(RemoteTestNG.java:111)
	at org.testng.remote.RemoteTestNG.initAndRun(RemoteTestNG.java:204)
	at org.testng.remote.RemoteTestNG.main(RemoteTestNG.java:175)
]]>
    </failure>
  </testcase> <!-- myTest -->
  <testcase name="myTest" time="0.170" classname="health.med.MedTest"/>
  <testcase name="myTest" time="0.189" classname="health.med.MedTest">
    <failure type="org.xml.sax.SAXParseException" message="Open quote is expected for attribute &quot;width&quot; associated with an  element type  &quot;hr&quot;.">
      <![CDATA[org.xml.sax.SAXParseException; lineNumber: 28; columnNumber: 65; Open quote is expected for attribute "width" associated with an  element type  "hr".
	at org.apache.xerces.parsers.DOMParser.parse(Unknown Source)
	at org.apache.xerces.jaxp.DocumentBuilderImpl.parse(Unknown Source)
	at javax.xml.parsers.DocumentBuilder.parse(Unknown Source)
	at javax.xml.parsers.DocumentBuilder$parse.call(Unknown Source)
	at com.jayway.restassured.assertion.BodyMatcher.validate(BodyMatcher.groovy:67)
	at com.jayway.restassured.assertion.BodyMatcher$validate$0.call(Unknown Source)
	at com.jayway.restassured.assertion.BodyMatcherGroup$_validate_closure2.doCall(BodyMatcherGroup.groovy:47)
	at sun.reflect.GeneratedMethodAccessor64.invoke(Unknown Source)
	at sun.reflect.DelegatingMethodAccessorImpl.invoke(Unknown Source)
	at java.lang.reflect.Method.invoke(Unknown Source)
	at org.codehaus.groovy.reflection.CachedMethod.invoke(CachedMethod.java:90)
	at groovy.lang.MetaMethod.doMethodInvoke(MetaMethod.java:324)
	at org.codehaus.groovy.runtime.metaclass.ClosureMetaClass.invokeMethod(ClosureMetaClass.java:278)
	at groovy.lang.MetaClassImpl.invokeMethod(MetaClassImpl.java:1016)
	at groovy.lang.Closure.call(Closure.java:423)
	at groovy.lang.Closure.call(Closure.java:439)
	at org.codehaus.groovy.runtime.DefaultGroovyMethods.collect(DefaultGroovyMethods.java:2348)
	at org.codehaus.groovy.runtime.DefaultGroovyMethods.collect(DefaultGroovyMethods.java:2318)
	at org.codehaus.groovy.runtime.dgm$63.invoke(Unknown Source)
	at org.codehaus.groovy.runtime.callsite.PojoMetaMethodSite$PojoMetaMethodSiteNoUnwrapNoCoerce.invoke(PojoMetaMethodSite.java:271)
	at org.codehaus.groovy.runtime.callsite.PojoMetaMethodSite.call(PojoMetaMethodSite.java:53)
	at org.codehaus.groovy.runtime.callsite.AbstractCallSite.call(AbstractCallSite.java:116)
	at com.jayway.restassured.assertion.BodyMatcherGroup.validate(BodyMatcherGroup.groovy:47)
	at com.jayway.restassured.assertion.BodyMatcherGroup$validate$3.call(Unknown Source)
	at com.jayway.restassured.internal.ResponseSpecificationImpl$HamcrestAssertionClosure.validate(ResponseSpecificationImpl.groovy:560)
	at com.jayway.restassured.internal.ResponseSpecificationImpl$HamcrestAssertionClosure$validate$1.call(Unknown Source)
	at com.jayway.restassured.internal.ResponseSpecificationImpl.validateResponseIfRequired(ResponseSpecificationImpl.groovy:731)
	at com.jayway.restassured.internal.ResponseSpecificationImpl.this$2$validateResponseIfRequired(ResponseSpecificationImpl.groovy)
	at com.jayway.restassured.internal.ResponseSpecificationImpl$this$2$validateResponseIfRequired$1.callCurrent(Unknown Source)
	at com.jayway.restassured.internal.ResponseSpecificationImpl.content(ResponseSpecificationImpl.groovy:91)
	at com.jayway.restassured.specification.ResponseSpecification$content$0.callCurrent(Unknown Source)
	at com.jayway.restassured.internal.ResponseSpecificationImpl.body(ResponseSpecificationImpl.groovy:206)
	at com.jayway.restassured.internal.ValidatableResponseOptionsImpl.body(ValidatableResponseOptionsImpl.java:251)
	at health.med.MedTest.myTest(MedTest.java:64)
	at sun.reflect.NativeMethodAccessorImpl.invoke0(Native Method)
	at sun.reflect.NativeMethodAccessorImpl.invoke(Unknown Source)
	at sun.reflect.DelegatingMethodAccessorImpl.invoke(Unknown Source)
	at java.lang.reflect.Method.invoke(Unknown Source)
	at org.testng.internal.MethodInvocationHelper.invokeMethod(MethodInvocationHelper.java:84)
	at org.testng.internal.Invoker.invokeMethod(Invoker.java:714)
	at org.testng.internal.Invoker.invokeTestMethod(Invoker.java:901)
	at org.testng.internal.Invoker.invokeTestMethods(Invoker.java:1231)
	at org.testng.internal.TestMethodWorker.invokeTestMethods(TestMethodWorker.java:127)
	at org.testng.internal.TestMethodWorker.run(TestMethodWorker.java:111)
	at org.testng.TestRunner.privateRun(TestRunner.java:767)
	at org.testng.TestRunner.run(TestRunner.java:617)
	at org.testng.SuiteRunner.runTest(SuiteRunner.java:334)
	at org.testng.SuiteRunner.runSequentially(SuiteRunner.java:329)
	at org.testng.SuiteRunner.privateRun(SuiteRunner.java:291)
	at org.testng.SuiteRunner.run(SuiteRunner.java:240)
	at org.testng.SuiteRunnerWorker.runSuite(SuiteRunnerWorker.java:52)
	at org.testng.SuiteRunnerWorker.run(SuiteRunnerWorker.java:86)
	at org.testng.TestNG.runSuitesSequentially(TestNG.java:1224)
	at org.testng.TestNG.runSuitesLocally(TestNG.java:1149)
	at org.testng.TestNG.run(TestNG.java:1057)
	at org.testng.remote.RemoteTestNG.run(RemoteTestNG.java:111)
	at org.testng.remote.RemoteTestNG.initAndRun(RemoteTestNG.java:204)
	at org.testng.remote.RemoteTestNG.main(RemoteTestNG.java:175)
]]>
    </failure>
  </testcase> <!-- myTest -->
  <testcase name="myTest" time="0.188" classname="health.med.MedTest"/>
  <testcase name="myTest" time="0.003" classname="health.med.MedTest"/>
  <testcase name="myTest" time="0.179" classname="health.med.MedTest">
    <error type="java.lang.AssertionError" message="Expected: an XML document with XPath /question/explanation/para[5]/emphasis
  Actual: &lt;question contentItemName=&quot;OL1458m&quot; contentItemId=&quot;279049&quot; version=&quot;1&quot; mediaPrefix=&quot;/content/media/49/279049.1.&quot;&gt;&lt;categoryRefs&gt;&lt;catRef-USMLESTEP1-discipline categoryName=&quot;immunology&quot; /&gt;&lt;catRef-USMLESTEP1-organsystem categoryName=&quot;general.principles&quot; /&gt;&lt;catRef-USMLESTEP1-topic categoryName=&quot;TheFirstResponsetoAntigen.AcuteInflammatoryRespons&quot; /&gt;&lt;catRef-USMLESTEP1-task categoryName=&quot;clinical&quot; /&gt;&lt;catRef-MultMediaQuestion categoryName=&quot;no&quot; /&gt;&lt;catRef-MED-Highyield categoryName=&quot;yes&quot; /&gt;&lt;catRef-MED-difficulty categoryName=&quot;average&quot; /&gt;&lt;/categoryRefs&gt;&lt;stimulus&gt;&lt;para&gt;A 33-year-old woman is brought to the emergency department because of
a deep puncture wound to her right hand. A shard of glass is removed from
the wound, and the wound is cleaned and dressed. The patient is taking medication
that decreases chemotaxis of white blood cells via a novel mechanism. A side
effect of the drug is poor wound healing and increased infection risk. &lt;span name=&quot;questionStem&quot;&gt;The drug most likely blocks which of the following molecules? &lt;/span&gt;&lt;/para&gt;&lt;/stimulus&gt;&lt;answer-choice-set&gt;&lt;answer-choice&gt;C3b&lt;/answer-choice&gt;&lt;answer-choice correct=&quot;yes&quot;&gt;C5a&lt;/answer-choice&gt;&lt;answer-choice&gt;IgM&lt;/answer-choice&gt;&lt;answer-choice&gt;IL-2&lt;/answer-choice&gt;&lt;answer-choice&gt;Lysozyme&lt;/answer-choice&gt;&lt;/answer-choice-set&gt;&lt;explanation&gt;&lt;para&gt;&lt;emphasis emphasis-type=&quot;bold&quot;&gt;The correct answer is B.&lt;/emphasis&gt; In
active inflammation, the complement system is activated and C5a is produced. &lt;emphasis emphasis-type=&quot;italic&quot;&gt;&lt;emphasis emphasis-type=&quot;bold&quot;&gt;C5a is a strong chemoattractant
to neutrophils and other phagocytic cells.&lt;/emphasis&gt;&lt;/emphasis&gt; Other chemotactic
factors for neutrophils include IL-8, fibrinopeptides, leukotriene B4, and
formyl methionyl peptides from bacteria. &lt;/para&gt;&lt;para&gt;Blocking C5a would significantly reduce neutrophil chemotaxis into the
wound of the patient in the question stem. As with other drugs that decrease
the immune response, poor wound healing and increased risk for infection would
result. As an example, eculizumab is one such anti-C5a agent. One major side
effect of this drug is, in fact, increased infection risk.&lt;/para&gt;&lt;para /&gt;&lt;para&gt;&lt;graphic graphic-ref=&quot;Immuno_I-5-2_Q_OL1458.png&quot; /&gt;&lt;/para&gt;&lt;para /&gt;&lt;para&gt;C3b &lt;emphasis emphasis-type=&quot;bold&quot;&gt;(choice A)&lt;/emphasis&gt; is an opsonin.
When an organism is coated with C3b, it is more easily phagocytized. C3b is
formed via the classical and alternative complement pathways, but it is not
chemotactic for neutrophils. &lt;/para&gt;&lt;para&gt;IgM &lt;emphasis emphasis-type=&quot;bold&quot;&gt;(choice C)&lt;/emphasis&gt; is the first
immunoglobulin produced in the primary immune response. It is not chemotactic
for neutrophils. &lt;/para&gt;&lt;para&gt;IL-2 &lt;emphasis emphasis-type=&quot;bold&quot;&gt;(choice D)&lt;/emphasis&gt; is a powerful
interleukin that stimulates proliferation of TH cells, natural killer cells,
and CD8+ cytotoxic T lymphocytes, but it is not chemotactic for neutrophils. &lt;/para&gt;&lt;para&gt;Lysozyme &lt;emphasis emphasis-type=&quot;bold&quot;&gt;(choice E)&lt;/emphasis&gt; is a material
present in tears, mucus, vaginal secretions, and other body fluids. It is
active against the peptidoglycan of bacterial cell walls, splitting the backbone
structure of the peptidoglycan (N-acetylglucosamine and N-acetyl muramic acid
polymers). It is not chemotactic for neutrophils. &lt;/para&gt;&lt;para&gt;&lt;emphasis emphasis-type=&quot;italic&quot;&gt;Updated on 05/24/15&lt;/emphasis&gt;&lt;/para&gt;&lt;/explanation&gt;&lt;remediation&gt;&lt;firstaid&gt;&lt;para&gt;&lt;emphasis emphasis-type=&quot;italic&quot;&gt;MedEssentials (4th Ed.):&lt;/emphasis&gt; pp.
98, 99&lt;/para&gt;&lt;para&gt;&lt;emphasis emphasis-type=&quot;italic&quot;&gt;First Aid (2015):&lt;/emphasis&gt; pp.
206.1&lt;/para&gt;&lt;para&gt;&lt;emphasis emphasis-type=&quot;italic&quot;&gt;First Aid (2014):&lt;/emphasis&gt; pp.
204.1&lt;/para&gt;&lt;para&gt;&lt;emphasis emphasis-type=&quot;italic&quot;&gt;First Aid (2013):&lt;/emphasis&gt; pp.
199.1&lt;/para&gt;&lt;para&gt;&lt;emphasis emphasis-type=&quot;italic&quot;&gt;Pathoma (2014):&lt;/emphasis&gt; pp.
11.3&lt;/para&gt;&lt;para&gt;&lt;emphasis emphasis-type=&quot;italic&quot;&gt;Pathoma (2013):&lt;/emphasis&gt; pp.
11.3&lt;/para&gt;&lt;/firstaid&gt;&lt;list&gt;&lt;listItem&gt;C5a is a neutrophil chemoattractant causing the accumulation of
white blood cells at the site of complement activation. &lt;/listItem&gt;&lt;listItem&gt;Other chemotactic factors for neutrophils include interleukin-8,
fibrinopeptides, leukotriene B4, and formyl methionyl peptides from bacteria. &lt;/listItem&gt;&lt;/list&gt;&lt;/remediation&gt;&lt;/question&gt;
">
      <![CDATA[java.lang.AssertionError: Expected: an XML document with XPath /question/explanation/para[5]/emphasis
  Actual: <question contentItemName="OL1458m" contentItemId="279049" version="1" mediaPrefix="/content/media/49/279049.1."><categoryRefs><catRef-USMLESTEP1-discipline categoryName="immunology" /><catRef-USMLESTEP1-organsystem categoryName="general.principles" /><catRef-USMLESTEP1-topic categoryName="TheFirstResponsetoAntigen.AcuteInflammatoryRespons" /><catRef-USMLESTEP1-task categoryName="clinical" /><catRef-MultMediaQuestion categoryName="no" /><catRef-MED-Highyield categoryName="yes" /><catRef-MED-difficulty categoryName="average" /></categoryRefs><stimulus><para>A 33-year-old woman is brought to the emergency department because of
a deep puncture wound to her right hand. A shard of glass is removed from
the wound, and the wound is cleaned and dressed. The patient is taking medication
that decreases chemotaxis of white blood cells via a novel mechanism. A side
effect of the drug is poor wound healing and increased infection risk. <span name="questionStem">The drug most likely blocks which of the following molecules? </span></para></stimulus><answer-choice-set><answer-choice>C3b</answer-choice><answer-choice correct="yes">C5a</answer-choice><answer-choice>IgM</answer-choice><answer-choice>IL-2</answer-choice><answer-choice>Lysozyme</answer-choice></answer-choice-set><explanation><para><emphasis emphasis-type="bold">The correct answer is B.</emphasis> In
active inflammation, the complement system is activated and C5a is produced. <emphasis emphasis-type="italic"><emphasis emphasis-type="bold">C5a is a strong chemoattractant
to neutrophils and other phagocytic cells.</emphasis></emphasis> Other chemotactic
factors for neutrophils include IL-8, fibrinopeptides, leukotriene B4, and
formyl methionyl peptides from bacteria. </para><para>Blocking C5a would significantly reduce neutrophil chemotaxis into the
wound of the patient in the question stem. As with other drugs that decrease
the immune response, poor wound healing and increased risk for infection would
result. As an example, eculizumab is one such anti-C5a agent. One major side
effect of this drug is, in fact, increased infection risk.</para><para /><para><graphic graphic-ref="Immuno_I-5-2_Q_OL1458.png" /></para><para /><para>C3b <emphasis emphasis-type="bold">(choice A)</emphasis> is an opsonin.
When an organism is coated with C3b, it is more easily phagocytized. C3b is
formed via the classical and alternative complement pathways, but it is not
chemotactic for neutrophils. </para><para>IgM <emphasis emphasis-type="bold">(choice C)</emphasis> is the first
immunoglobulin produced in the primary immune response. It is not chemotactic
for neutrophils. </para><para>IL-2 <emphasis emphasis-type="bold">(choice D)</emphasis> is a powerful
interleukin that stimulates proliferation of TH cells, natural killer cells,
and CD8+ cytotoxic T lymphocytes, but it is not chemotactic for neutrophils. </para><para>Lysozyme <emphasis emphasis-type="bold">(choice E)</emphasis> is a material
present in tears, mucus, vaginal secretions, and other body fluids. It is
active against the peptidoglycan of bacterial cell walls, splitting the backbone
structure of the peptidoglycan (N-acetylglucosamine and N-acetyl muramic acid
polymers). It is not chemotactic for neutrophils. </para><para><emphasis emphasis-type="italic">Updated on 05/24/15</emphasis></para></explanation><remediation><firstaid><para><emphasis emphasis-type="italic">MedEssentials (4th Ed.):</emphasis> pp.
98, 99</para><para><emphasis emphasis-type="italic">First Aid (2015):</emphasis> pp.
206.1</para><para><emphasis emphasis-type="italic">First Aid (2014):</emphasis> pp.
204.1</para><para><emphasis emphasis-type="italic">First Aid (2013):</emphasis> pp.
199.1</para><para><emphasis emphasis-type="italic">Pathoma (2014):</emphasis> pp.
11.3</para><para><emphasis emphasis-type="italic">Pathoma (2013):</emphasis> pp.
11.3</para></firstaid><list><listItem>C5a is a neutrophil chemoattractant causing the accumulation of
white blood cells at the site of complement activation. </listItem><listItem>Other chemotactic factors for neutrophils include interleukin-8,
fibrinopeptides, leukotriene B4, and formyl methionyl peptides from bacteria. </listItem></list></remediation></question>

	at sun.reflect.NativeConstructorAccessorImpl.newInstance0(Native Method)
	at sun.reflect.NativeConstructorAccessorImpl.newInstance(Unknown Source)
	at sun.reflect.DelegatingConstructorAccessorImpl.newInstance(Unknown Source)
	at java.lang.reflect.Constructor.newInstance(Unknown Source)
	at org.codehaus.groovy.reflection.CachedConstructor.invoke(CachedConstructor.java:77)
	at org.codehaus.groovy.runtime.callsite.ConstructorSite$ConstructorSiteNoUnwrapNoCoerce.callConstructor(ConstructorSite.java:102)
	at org.codehaus.groovy.runtime.callsite.AbstractCallSite.callConstructor(AbstractCallSite.java:190)
	at com.jayway.restassured.internal.ResponseSpecificationImpl$HamcrestAssertionClosure.validate(ResponseSpecificationImpl.groovy:572)
	at com.jayway.restassured.internal.ResponseSpecificationImpl$HamcrestAssertionClosure$validate$1.call(Unknown Source)
	at com.jayway.restassured.internal.ResponseSpecificationImpl.validateResponseIfRequired(ResponseSpecificationImpl.groovy:731)
	at com.jayway.restassured.internal.ResponseSpecificationImpl.this$2$validateResponseIfRequired(ResponseSpecificationImpl.groovy)
	at com.jayway.restassured.internal.ResponseSpecificationImpl$this$2$validateResponseIfRequired$1.callCurrent(Unknown Source)
	at com.jayway.restassured.internal.ResponseSpecificationImpl.content(ResponseSpecificationImpl.groovy:91)
	at com.jayway.restassured.specification.ResponseSpecification$content$0.callCurrent(Unknown Source)
	at com.jayway.restassured.internal.ResponseSpecificationImpl.body(ResponseSpecificationImpl.groovy:206)
	at com.jayway.restassured.internal.ValidatableResponseOptionsImpl.body(ValidatableResponseOptionsImpl.java:251)
	at health.med.MedTest.myTest(MedTest.java:64)
	at sun.reflect.GeneratedMethodAccessor118.invoke(Unknown Source)
	at sun.reflect.DelegatingMethodAccessorImpl.invoke(Unknown Source)
	at java.lang.reflect.Method.invoke(Unknown Source)
	at org.testng.internal.MethodInvocationHelper.invokeMethod(MethodInvocationHelper.java:84)
	at org.testng.internal.Invoker.invokeMethod(Invoker.java:714)
	at org.testng.internal.Invoker.invokeTestMethod(Invoker.java:901)
	at org.testng.internal.Invoker.invokeTestMethods(Invoker.java:1231)
	at org.testng.internal.TestMethodWorker.invokeTestMethods(TestMethodWorker.java:127)
	at org.testng.internal.TestMethodWorker.run(TestMethodWorker.java:111)
	at org.testng.TestRunner.privateRun(TestRunner.java:767)
	at org.testng.TestRunner.run(TestRunner.java:617)
	at org.testng.SuiteRunner.runTest(SuiteRunner.java:334)
	at org.testng.SuiteRunner.runSequentially(SuiteRunner.java:329)
	at org.testng.SuiteRunner.privateRun(SuiteRunner.java:291)
	at org.testng.SuiteRunner.run(SuiteRunner.java:240)
	at org.testng.SuiteRunnerWorker.runSuite(SuiteRunnerWorker.java:52)
	at org.testng.SuiteRunnerWorker.run(SuiteRunnerWorker.java:86)
	at org.testng.TestNG.runSuitesSequentially(TestNG.java:1224)
	at org.testng.TestNG.runSuitesLocally(TestNG.java:1149)
	at org.testng.TestNG.run(TestNG.java:1057)
	at org.testng.remote.RemoteTestNG.run(RemoteTestNG.java:111)
	at org.testng.remote.RemoteTestNG.initAndRun(RemoteTestNG.java:204)
	at org.testng.remote.RemoteTestNG.main(RemoteTestNG.java:175)
]]>
    </error>
  </testcase> <!-- myTest -->
  <testcase name="myTest" time="0.216" classname="health.med.MedTest"/>
  <testcase name="myTest" time="0.176" classname="health.med.MedTest"/>
  <testcase name="myTest" time="0.167" classname="health.med.MedTest"/>
  <testcase name="myTest" time="0.002" classname="health.med.MedTest"/>
  <testcase name="myTest" time="0.216" classname="health.med.MedTest"/>
  <testcase name="myTest" time="0.170" classname="health.med.MedTest"/>
  <testcase name="myTest" time="0.186" classname="health.med.MedTest"/>
</testsuite> <!-- health.med.MedTest -->
