<?xml version="1.0" encoding="UTF-8"?>
<testng-results skipped="0" failed="0" total="5" passed="5">
  <reporter-output>
  </reporter-output>
  <suite name="admin.reports.test.AdminLogInPage" duration-ms="107205" started-at="2015-01-28T16:49:02Z" finished-at="2015-01-28T16:50:49Z">
    <groups>
    </groups>
    <test name="Command line test" duration-ms="107205" started-at="2015-01-28T16:49:02Z" finished-at="2015-01-28T16:50:49Z">
      <class name="admin.reports.test.AdminLogInPage">
        <test-method status="PASS" signature="beforeMethod()[pri:0, instance:admin.reports.test.AdminLogInPage@62043840]" name="beforeMethod" is-config="true" duration-ms="5976" started-at="2015-01-28T11:49:02Z" finished-at="2015-01-28T11:49:08Z">
          <reporter-output>
          </reporter-output>
        </test-method> <!-- beforeMethod -->
        <test-method status="PASS" signature="VerifyDisplayedLoginpage()[pri:0, instance:admin.reports.test.AdminLogInPage@62043840]" name="VerifyDisplayedLoginpage" duration-ms="9615" started-at="2015-01-28T11:49:08Z" finished-at="2015-01-28T11:49:17Z">
          <reporter-output>
          </reporter-output>
        </test-method> <!-- VerifyDisplayedLoginpage -->
        <test-method status="PASS" signature="afterMethod()[pri:0, instance:admin.reports.test.AdminLogInPage@62043840]" name="afterMethod" is-config="true" duration-ms="140" started-at="2015-01-28T11:49:17Z" finished-at="2015-01-28T11:49:17Z">
          <reporter-output>
          </reporter-output>
        </test-method> <!-- afterMethod -->
        <test-method status="PASS" signature="beforeMethod()[pri:0, instance:admin.reports.test.AdminLogInPage@62043840]" name="beforeMethod" is-config="true" duration-ms="6937" started-at="2015-01-28T11:49:17Z" finished-at="2015-01-28T11:49:24Z">
          <reporter-output>
          </reporter-output>
        </test-method> <!-- beforeMethod -->
        <test-method status="PASS" signature="VerifyErrorLogInMessages()[pri:0, instance:admin.reports.test.AdminLogInPage@62043840]" name="VerifyErrorLogInMessages" duration-ms="8523" started-at="2015-01-28T11:49:24Z" finished-at="2015-01-28T11:49:33Z">
          <reporter-output>
          </reporter-output>
        </test-method> <!-- VerifyErrorLogInMessages -->
        <test-method status="PASS" signature="afterMethod()[pri:0, instance:admin.reports.test.AdminLogInPage@62043840]" name="afterMethod" is-config="true" duration-ms="135" started-at="2015-01-28T11:49:33Z" finished-at="2015-01-28T11:49:33Z">
          <reporter-output>
          </reporter-output>
        </test-method> <!-- afterMethod -->
        <test-method status="PASS" signature="beforeMethod()[pri:0, instance:admin.reports.test.AdminLogInPage@62043840]" name="beforeMethod" is-config="true" duration-ms="2396" started-at="2015-01-28T11:49:33Z" finished-at="2015-01-28T11:49:35Z">
          <reporter-output>
          </reporter-output>
        </test-method> <!-- beforeMethod -->
        <test-method status="PASS" signature="VerifyErrorMessages()[pri:0, instance:admin.reports.test.AdminLogInPage@62043840]" name="VerifyErrorMessages" duration-ms="40143" started-at="2015-01-28T11:49:35Z" finished-at="2015-01-28T11:50:16Z">
          <reporter-output>
          </reporter-output>
        </test-method> <!-- VerifyErrorMessages -->
        <test-method status="PASS" signature="afterMethod()[pri:0, instance:admin.reports.test.AdminLogInPage@62043840]" name="afterMethod" is-config="true" duration-ms="124" started-at="2015-01-28T11:50:16Z" finished-at="2015-01-28T11:50:16Z">
          <reporter-output>
          </reporter-output>
        </test-method> <!-- afterMethod -->
        <test-method status="PASS" signature="beforeMethod()[pri:0, instance:admin.reports.test.AdminLogInPage@62043840]" name="beforeMethod" is-config="true" duration-ms="3544" started-at="2015-01-28T11:50:16Z" finished-at="2015-01-28T11:50:19Z">
          <reporter-output>
          </reporter-output>
        </test-method> <!-- beforeMethod -->
        <test-method status="PASS" signature="VerifyLoginAdminReport()[pri:0, instance:admin.reports.test.AdminLogInPage@62043840]" name="VerifyLoginAdminReport" duration-ms="10863" started-at="2015-01-28T11:50:19Z" finished-at="2015-01-28T11:50:30Z">
          <reporter-output>
          </reporter-output>
        </test-method> <!-- VerifyLoginAdminReport -->
        <test-method status="PASS" signature="afterMethod()[pri:0, instance:admin.reports.test.AdminLogInPage@62043840]" name="afterMethod" is-config="true" duration-ms="109" started-at="2015-01-28T11:50:30Z" finished-at="2015-01-28T11:50:30Z">
          <reporter-output>
          </reporter-output>
        </test-method> <!-- afterMethod -->
        <test-method status="PASS" signature="beforeMethod()[pri:0, instance:admin.reports.test.AdminLogInPage@62043840]" name="beforeMethod" is-config="true" duration-ms="2140" started-at="2015-01-28T11:50:30Z" finished-at="2015-01-28T11:50:32Z">
          <reporter-output>
          </reporter-output>
        </test-method> <!-- beforeMethod -->
        <test-method status="PASS" signature="VerifySignOutFunctionality()[pri:0, instance:admin.reports.test.AdminLogInPage@62043840]" name="VerifySignOutFunctionality" duration-ms="16373" started-at="2015-01-28T11:50:32Z" finished-at="2015-01-28T11:50:49Z">
          <reporter-output>
          </reporter-output>
        </test-method> <!-- VerifySignOutFunctionality -->
        <test-method status="PASS" signature="afterMethod()[pri:0, instance:admin.reports.test.AdminLogInPage@62043840]" name="afterMethod" is-config="true" duration-ms="156" started-at="2015-01-28T11:50:49Z" finished-at="2015-01-28T11:50:49Z">
          <reporter-output>
          </reporter-output>
        </test-method> <!-- afterMethod -->
      </class> <!-- admin.reports.test.AdminLogInPage -->
    </test> <!-- Command line test -->
  </suite> <!-- admin.reports.test.AdminLogInPage -->
</testng-results>
