<?xml version="1.0" encoding="UTF-8"?>
<!-- Generated by org.testng.reporters.JUnitXMLReporter -->
<testsuite hostname="395-CNU40791QP" name="Command line test" tests="5" failures="0" timestamp="28 Jan 2015 16:50:49 GMT" time="107.205" errors="0">
  <testcase name="VerifyDisplayedLoginpage" time="9.615" classname="admin.reports.test.AdminLogInPage"/>
  <testcase name="VerifyErrorLogInMessages" time="8.523" classname="admin.reports.test.AdminLogInPage"/>
  <testcase name="VerifyErrorMessages" time="40.143" classname="admin.reports.test.AdminLogInPage"/>
  <testcase name="VerifyLoginAdminReport" time="10.863" classname="admin.reports.test.AdminLogInPage"/>
  <testcase name="VerifySignOutFunctionality" time="16.373" classname="admin.reports.test.AdminLogInPage"/>
</testsuite> <!-- Command line test -->
